{"/home/travis/build/npmtest/node-npmtest-big-integer/test.js":{"path":"/home/travis/build/npmtest/node-npmtest-big-integer/test.js","s":{"1":2,"2":2,"3":2,"4":2,"5":2,"6":2,"7":2,"8":1,"9":2,"10":2,"11":1,"12":1,"13":1,"14":1,"15":2,"16":2,"17":2,"18":2,"19":1,"20":1,"21":2,"22":2,"23":2,"24":1,"25":1,"26":1,"27":1,"28":1,"29":1,"30":1,"31":1,"32":1,"33":1,"34":1,"35":1,"36":1,"37":1,"38":1,"39":2,"40":2,"41":1,"42":2,"43":2,"44":1,"45":2,"46":2,"47":1,"48":2,"49":2,"50":1,"51":1,"52":1,"53":1,"54":1},"b":{"1":[2,1,1,1],"2":[1,1,1,1],"3":[1,1],"4":[1,1],"5":[1,1],"6":[1,1],"7":[1,1],"8":[1,1],"9":[1,1],"10":[1,1,1],"11":[1,1],"12":[1,1],"13":[1,1],"14":[1,1],"15":[1,1],"16":[1,1],"17":[1,1]},"f":{"1":2,"2":2,"3":2,"4":2,"5":2,"6":1,"7":1,"8":1,"9":2,"10":2,"11":2,"12":2,"13":1},"fnMap":{"1":{"name":"(anonymous_1)","line":12,"loc":{"start":{"line":12,"column":1},"end":{"line":12,"column":13}}},"2":{"name":"(anonymous_2)","line":19,"loc":{"start":{"line":19,"column":5},"end":{"line":19,"column":17}}},"3":{"name":"(anonymous_3)","line":23,"loc":{"start":{"line":23,"column":24},"end":{"line":23,"column":36}}},"4":{"name":"(anonymous_4)","line":61,"loc":{"start":{"line":61,"column":5},"end":{"line":61,"column":17}}},"5":{"name":"(anonymous_5)","line":82,"loc":{"start":{"line":82,"column":5},"end":{"line":82,"column":17}}},"6":{"name":"(anonymous_6)","line":91,"loc":{"start":{"line":91,"column":77},"end":{"line":94,"column":10}}},"7":{"name":"(anonymous_7)","line":112,"loc":{"start":{"line":112,"column":83},"end":{"line":115,"column":10}},"skip":true},"8":{"name":"(anonymous_8)","line":123,"loc":{"start":{"line":123,"column":77},"end":{"line":126,"column":10}},"skip":true},"9":{"name":"(anonymous_9)","line":139,"loc":{"start":{"line":139,"column":12},"end":{"line":139,"column":40}},"skip":true},"10":{"name":"(anonymous_10)","line":147,"loc":{"start":{"line":147,"column":77},"end":{"line":150,"column":10}},"skip":true},"11":{"name":"(anonymous_11)","line":158,"loc":{"start":{"line":158,"column":83},"end":{"line":161,"column":10}},"skip":true},"12":{"name":"(anonymous_12)","line":169,"loc":{"start":{"line":169,"column":79},"end":{"line":172,"column":10}},"skip":true},"13":{"name":"(anonymous_13)","line":180,"loc":{"start":{"line":180,"column":75},"end":{"line":183,"column":10}},"skip":true}},"statementMap":{"1":{"start":{"line":12,"column":0},"end":{"line":195,"column":5}},"2":{"start":{"line":14,"column":4},"end":{"line":14,"column":14}},"3":{"start":{"line":19,"column":4},"end":{"line":56,"column":9}},"4":{"start":{"line":21,"column":8},"end":{"line":21,"column":19}},"5":{"start":{"line":23,"column":8},"end":{"line":35,"column":13}},"6":{"start":{"line":24,"column":12},"end":{"line":34,"column":13}},"7":{"start":{"line":25,"column":16},"end":{"line":28,"column":30}},"8":{"start":{"line":30,"column":16},"end":{"line":33,"column":27}},"9":{"start":{"line":37,"column":8},"end":{"line":39,"column":21}},"10":{"start":{"line":40,"column":8},"end":{"line":53,"column":9}},"11":{"start":{"line":43,"column":12},"end":{"line":46,"column":14}},"12":{"start":{"line":47,"column":12},"end":{"line":47,"column":18}},"13":{"start":{"line":50,"column":12},"end":{"line":51,"column":33}},"14":{"start":{"line":52,"column":12},"end":{"line":52,"column":18}},"15":{"start":{"line":55,"column":8},"end":{"line":55,"column":35}},"16":{"start":{"line":61,"column":4},"end":{"line":63,"column":9}},"17":{"start":{"line":62,"column":8},"end":{"line":62,"column":15}},"18":{"start":{"line":64,"column":4},"end":{"line":77,"column":5}},"19":{"start":{"line":70,"column":8},"end":{"line":70,"column":14}},"20":{"start":{"line":76,"column":8},"end":{"line":76,"column":14}},"21":{"start":{"line":82,"column":4},"end":{"line":84,"column":9}},"22":{"start":{"line":83,"column":8},"end":{"line":83,"column":15}},"23":{"start":{"line":85,"column":4},"end":{"line":194,"column":5}},"24":{"start":{"line":91,"column":8},"end":{"line":99,"column":10}},"25":{"start":{"line":98,"column":12},"end":{"line":98,"column":35}},"26":{"start":{"line":102,"column":8},"end":{"line":104,"column":63}},"27":{"start":{"line":105,"column":8},"end":{"line":105,"column":14}},"28":{"start":{"line":112,"column":8},"end":{"line":121,"column":10},"skip":true},"29":{"start":{"line":119,"column":12},"end":{"line":119,"column":55},"skip":true},"30":{"start":{"line":120,"column":12},"end":{"line":120,"column":48},"skip":true},"31":{"start":{"line":123,"column":8},"end":{"line":136,"column":10},"skip":true},"32":{"start":{"line":130,"column":12},"end":{"line":130,"column":76},"skip":true},"33":{"start":{"line":131,"column":12},"end":{"line":131,"column":73},"skip":true},"34":{"start":{"line":132,"column":12},"end":{"line":132,"column":74},"skip":true},"35":{"start":{"line":133,"column":12},"end":{"line":133,"column":79},"skip":true},"36":{"start":{"line":134,"column":12},"end":{"line":134,"column":25},"skip":true},"37":{"start":{"line":135,"column":12},"end":{"line":135,"column":45},"skip":true},"38":{"start":{"line":138,"column":8},"end":{"line":145,"column":14},"skip":true},"39":{"start":{"line":143,"column":16},"end":{"line":143,"column":29},"skip":true},"40":{"start":{"line":144,"column":16},"end":{"line":144,"column":55},"skip":true},"41":{"start":{"line":147,"column":8},"end":{"line":156,"column":10},"skip":true},"42":{"start":{"line":154,"column":12},"end":{"line":154,"column":25},"skip":true},"43":{"start":{"line":155,"column":12},"end":{"line":155,"column":45},"skip":true},"44":{"start":{"line":158,"column":8},"end":{"line":167,"column":10},"skip":true},"45":{"start":{"line":165,"column":12},"end":{"line":165,"column":25},"skip":true},"46":{"start":{"line":166,"column":12},"end":{"line":166,"column":48},"skip":true},"47":{"start":{"line":169,"column":8},"end":{"line":178,"column":10},"skip":true},"48":{"start":{"line":176,"column":12},"end":{"line":176,"column":25},"skip":true},"49":{"start":{"line":177,"column":12},"end":{"line":177,"column":46},"skip":true},"50":{"start":{"line":180,"column":8},"end":{"line":189,"column":10},"skip":true},"51":{"start":{"line":187,"column":12},"end":{"line":187,"column":94},"skip":true},"52":{"start":{"line":188,"column":12},"end":{"line":188,"column":48},"skip":true},"53":{"start":{"line":192,"column":8},"end":{"line":192,"column":35},"skip":true},"54":{"start":{"line":193,"column":8},"end":{"line":193,"column":14},"skip":true}},"branchMap":{"1":{"line":25,"type":"binary-expr","locations":[{"start":{"line":25,"column":23},"end":{"line":25,"column":62}},{"start":{"line":26,"column":20},"end":{"line":26,"column":70}},{"start":{"line":27,"column":20},"end":{"line":27,"column":71}},{"start":{"line":28,"column":20},"end":{"line":28,"column":29}}]},"2":{"line":30,"type":"binary-expr","locations":[{"start":{"line":30,"column":23},"end":{"line":30,"column":37}},{"start":{"line":31,"column":20},"end":{"line":31,"column":61}},{"start":{"line":32,"column":20},"end":{"line":32,"column":70}},{"start":{"line":33,"column":20},"end":{"line":33,"column":26}}]},"3":{"line":37,"type":"cond-expr","locations":[{"start":{"line":38,"column":14},"end":{"line":38,"column":20}},{"start":{"line":39,"column":14},"end":{"line":39,"column":20}}]},"4":{"line":40,"type":"switch","locations":[{"start":{"line":42,"column":8},"end":{"line":47,"column":18}},{"start":{"line":49,"column":8},"end":{"line":52,"column":18}}]},"5":{"line":44,"type":"binary-expr","locations":[{"start":{"line":44,"column":16},"end":{"line":44,"column":44}},{"start":{"line":44,"column":48},"end":{"line":44,"column":66}}]},"6":{"line":50,"type":"binary-expr","locations":[{"start":{"line":50,"column":21},"end":{"line":50,"column":49}},{"start":{"line":50,"column":53},"end":{"line":50,"column":72}}]},"7":{"line":64,"type":"switch","locations":[{"start":{"line":69,"column":4},"end":{"line":70,"column":14}},{"start":{"line":75,"column":4},"end":{"line":76,"column":14}}]},"8":{"line":85,"type":"switch","locations":[{"start":{"line":90,"column":4},"end":{"line":105,"column":14}},{"start":{"line":111,"column":4},"end":{"line":193,"column":14},"skip":true}]},"9":{"line":91,"type":"binary-expr","locations":[{"start":{"line":91,"column":42},"end":{"line":91,"column":73}},{"start":{"line":91,"column":77},"end":{"line":99,"column":9}}]},"10":{"line":102,"type":"binary-expr","locations":[{"start":{"line":102,"column":18},"end":{"line":102,"column":32}},{"start":{"line":103,"column":12},"end":{"line":103,"column":53}},{"start":{"line":104,"column":12},"end":{"line":104,"column":61}}]},"11":{"line":112,"type":"binary-expr","locations":[{"start":{"line":112,"column":45},"end":{"line":112,"column":79},"skip":true},{"start":{"line":112,"column":83},"end":{"line":121,"column":9},"skip":true}]},"12":{"line":123,"type":"binary-expr","locations":[{"start":{"line":123,"column":42},"end":{"line":123,"column":73},"skip":true},{"start":{"line":123,"column":77},"end":{"line":136,"column":9},"skip":true}]},"13":{"line":138,"type":"binary-expr","locations":[{"start":{"line":138,"column":48},"end":{"line":138,"column":85},"skip":true},{"start":{"line":139,"column":12},"end":{"line":145,"column":13},"skip":true}]},"14":{"line":147,"type":"binary-expr","locations":[{"start":{"line":147,"column":42},"end":{"line":147,"column":73},"skip":true},{"start":{"line":147,"column":77},"end":{"line":156,"column":9},"skip":true}]},"15":{"line":158,"type":"binary-expr","locations":[{"start":{"line":158,"column":45},"end":{"line":158,"column":79},"skip":true},{"start":{"line":158,"column":83},"end":{"line":167,"column":9},"skip":true}]},"16":{"line":169,"type":"binary-expr","locations":[{"start":{"line":169,"column":43},"end":{"line":169,"column":75},"skip":true},{"start":{"line":169,"column":79},"end":{"line":178,"column":9},"skip":true}]},"17":{"line":180,"type":"binary-expr","locations":[{"start":{"line":180,"column":41},"end":{"line":180,"column":71},"skip":true},{"start":{"line":180,"column":75},"end":{"line":189,"column":9},"skip":true}]}},"code":["/* istanbul instrument in package npmtest_big_integer */","/*jslint","    bitwise: true,","    browser: true,","    maxerr: 8,","    maxlen: 96,","    node: true,","    nomen: true,","    regexp: true,","    stupid: true","*/","(function () {","    'use strict';","    var local;","","","","    // run shared js-env code - pre-init","    (function () {","        // init local","        local = {};","        // init modeJs","        local.modeJs = (function () {","            try {","                return typeof navigator.userAgent === 'string' &&","                    typeof document.querySelector('body') === 'object' &&","                    typeof XMLHttpRequest.prototype.open === 'function' &&","                    'browser';","            } catch (errorCaughtBrowser) {","                return module.exports &&","                    typeof process.versions.node === 'string' &&","                    typeof require('http').createServer === 'function' &&","                    'node';","            }","        }());","        // init global","        local.global = local.modeJs === 'browser'","            ? window","            : global;","        switch (local.modeJs) {","        // re-init local from window.local","        case 'browser':","            local = local.global.utility2.objectSetDefault(","                local.global.utility2_rollup || local.global.local,","                local.global.utility2","            );","            break;","        // re-init local from example.js","        case 'node':","            local = (local.global.utility2_rollup || require('utility2'))","                .requireReadme();","            break;","        }","        // export local","        local.global.local = local;","    }());","","","","    // run shared js-env code - function","    (function () {","        return;","    }());","    switch (local.modeJs) {","","","","    // run browser js-env code - function","    case 'browser':","        break;","","","","    // run node js-env code - function","    case 'node':","        break;","    }","","","","    // run shared js-env code - post-init","    (function () {","        return;","    }());","    switch (local.modeJs) {","","","","    // run browser js-env code - post-init","    case 'browser':","        local.testCase_browser_nullCase = local.testCase_browser_nullCase || function (","            options,","            onError","        ) {","        /*","         * this function will test browsers's null-case handling-behavior-behavior","         */","            onError(null, options);","        };","","        // run tests","        local.nop(local.modeTest &&","            document.querySelector('#testRunButton1') &&","            document.querySelector('#testRunButton1').click());","        break;","","","","    // run node js-env code - post-init","    /* istanbul ignore next */","    case 'node':","        local.testCase_buildApidoc_default = local.testCase_buildApidoc_default || function (","            options,","            onError","        ) {","        /*","         * this function will test buildApidoc's default handling-behavior-behavior","         */","            options = { modulePathList: module.paths };","            local.buildApidoc(options, onError);","        };","","        local.testCase_buildApp_default = local.testCase_buildApp_default || function (","            options,","            onError","        ) {","        /*","         * this function will test buildApp's default handling-behavior-behavior","         */","            local.testCase_buildReadme_default(options, local.onErrorThrow);","            local.testCase_buildLib_default(options, local.onErrorThrow);","            local.testCase_buildTest_default(options, local.onErrorThrow);","            local.testCase_buildCustomOrg_default(options, local.onErrorThrow);","            options = [];","            local.buildApp(options, onError);","        };","","        local.testCase_buildCustomOrg_default = local.testCase_buildCustomOrg_default ||","            function (options, onError) {","            /*","             * this function will test buildCustomOrg's default handling-behavior","             */","                options = {};","                local.buildCustomOrg(options, onError);","            };","","        local.testCase_buildLib_default = local.testCase_buildLib_default || function (","            options,","            onError","        ) {","        /*","         * this function will test buildLib's default handling-behavior","         */","            options = {};","            local.buildLib(options, onError);","        };","","        local.testCase_buildReadme_default = local.testCase_buildReadme_default || function (","            options,","            onError","        ) {","        /*","         * this function will test buildReadme's default handling-behavior-behavior","         */","            options = {};","            local.buildReadme(options, onError);","        };","","        local.testCase_buildTest_default = local.testCase_buildTest_default || function (","            options,","            onError","        ) {","        /*","         * this function will test buildTest's default handling-behavior","         */","            options = {};","            local.buildTest(options, onError);","        };","","        local.testCase_webpage_default = local.testCase_webpage_default || function (","            options,","            onError","        ) {","        /*","         * this function will test webpage's default handling-behavior","         */","            options = { modeCoverageMerge: true, url: local.serverLocalHost + '?modeTest=1' };","            local.browserTest(options, onError);","        };","","        // run test-server","        local.testRunServer(local);","        break;","    }","}());",""],"l":{"12":2,"14":2,"19":2,"21":2,"23":2,"24":2,"25":2,"30":1,"37":2,"40":2,"43":1,"47":1,"50":1,"52":1,"55":2,"61":2,"62":2,"64":2,"70":1,"76":1,"82":2,"83":2,"85":2,"91":1,"98":1,"102":1,"105":1,"112":1,"119":1,"120":1,"123":1,"130":1,"131":1,"132":1,"133":1,"134":1,"135":1,"138":1,"143":2,"144":2,"147":1,"154":2,"155":2,"158":1,"165":2,"166":2,"169":1,"176":2,"177":2,"180":1,"187":1,"188":1,"192":1,"193":1}},"/home/travis/build/npmtest/node-npmtest-big-integer/lib.npmtest_big_integer.js":{"path":"/home/travis/build/npmtest/node-npmtest-big-integer/lib.npmtest_big_integer.js","s":{"1":2,"2":2,"3":2,"4":2,"5":2,"6":2,"7":2,"8":1,"9":2,"10":2,"11":2,"12":2,"13":1,"14":1,"15":1,"16":1},"b":{"1":[2,1,1,1],"2":[1,1,1,1],"3":[1,1],"4":[2,2],"5":[1,1]},"f":{"1":2,"2":2,"3":2},"fnMap":{"1":{"name":"(anonymous_1)","line":12,"loc":{"start":{"line":12,"column":1},"end":{"line":12,"column":13}}},"2":{"name":"(anonymous_2)","line":19,"loc":{"start":{"line":19,"column":5},"end":{"line":19,"column":17}}},"3":{"name":"(anonymous_3)","line":23,"loc":{"start":{"line":23,"column":24},"end":{"line":23,"column":36}}}},"statementMap":{"1":{"start":{"line":12,"column":0},"end":{"line":53,"column":5}},"2":{"start":{"line":14,"column":4},"end":{"line":14,"column":14}},"3":{"start":{"line":19,"column":4},"end":{"line":52,"column":9}},"4":{"start":{"line":21,"column":8},"end":{"line":21,"column":19}},"5":{"start":{"line":23,"column":8},"end":{"line":35,"column":13}},"6":{"start":{"line":24,"column":12},"end":{"line":34,"column":13}},"7":{"start":{"line":25,"column":16},"end":{"line":28,"column":30}},"8":{"start":{"line":30,"column":16},"end":{"line":33,"column":27}},"9":{"start":{"line":37,"column":8},"end":{"line":39,"column":21}},"10":{"start":{"line":41,"column":8},"end":{"line":41,"column":54}},"11":{"start":{"line":43,"column":8},"end":{"line":43,"column":56}},"12":{"start":{"line":45,"column":8},"end":{"line":51,"column":9}},"13":{"start":{"line":46,"column":12},"end":{"line":46,"column":62}},"14":{"start":{"line":48,"column":12},"end":{"line":48,"column":35}},"15":{"start":{"line":49,"column":12},"end":{"line":49,"column":49}},"16":{"start":{"line":50,"column":12},"end":{"line":50,"column":43}}},"branchMap":{"1":{"line":25,"type":"binary-expr","locations":[{"start":{"line":25,"column":23},"end":{"line":25,"column":62}},{"start":{"line":26,"column":20},"end":{"line":26,"column":70}},{"start":{"line":27,"column":20},"end":{"line":27,"column":71}},{"start":{"line":28,"column":20},"end":{"line":28,"column":29}}]},"2":{"line":30,"type":"binary-expr","locations":[{"start":{"line":30,"column":23},"end":{"line":30,"column":37}},{"start":{"line":31,"column":20},"end":{"line":31,"column":61}},{"start":{"line":32,"column":20},"end":{"line":32,"column":70}},{"start":{"line":33,"column":20},"end":{"line":33,"column":26}}]},"3":{"line":37,"type":"cond-expr","locations":[{"start":{"line":38,"column":14},"end":{"line":38,"column":20}},{"start":{"line":39,"column":14},"end":{"line":39,"column":20}}]},"4":{"line":41,"type":"binary-expr","locations":[{"start":{"line":41,"column":16},"end":{"line":41,"column":44}},{"start":{"line":41,"column":48},"end":{"line":41,"column":53}}]},"5":{"line":45,"type":"if","locations":[{"start":{"line":45,"column":8},"end":{"line":45,"column":8}},{"start":{"line":45,"column":8},"end":{"line":45,"column":8}}]}},"code":["/* istanbul instrument in package npmtest_big_integer */","/*jslint","    bitwise: true,","    browser: true,","    maxerr: 8,","    maxlen: 96,","    node: true,","    nomen: true,","    regexp: true,","    stupid: true","*/","(function () {","    'use strict';","    var local;","","","","    // run shared js-env code - pre-init","    (function () {","        // init local","        local = {};","        // init modeJs","        local.modeJs = (function () {","            try {","                return typeof navigator.userAgent === 'string' &&","                    typeof document.querySelector('body') === 'object' &&","                    typeof XMLHttpRequest.prototype.open === 'function' &&","                    'browser';","            } catch (errorCaughtBrowser) {","                return module.exports &&","                    typeof process.versions.node === 'string' &&","                    typeof require('http').createServer === 'function' &&","                    'node';","            }","        }());","        // init global","        local.global = local.modeJs === 'browser'","            ? window","            : global;","        // init utility2_rollup","        local = local.global.utility2_rollup || local;","        // init lib","        local.local = local.npmtest_big_integer = local;","        // init exports","        if (local.modeJs === 'browser') {","            local.global.utility2_npmtest_big_integer = local;","        } else {","            module.exports = local;","            module.exports.__dirname = __dirname;","            module.exports.module = module;","        }","    }());","}());",""],"l":{"12":2,"14":2,"19":2,"21":2,"23":2,"24":2,"25":2,"30":1,"37":2,"41":2,"43":2,"45":2,"46":1,"48":1,"49":1,"50":1}},"/home/travis/build/npmtest/node-npmtest-big-integer/example.js":{"path":"/home/travis/build/npmtest/node-npmtest-big-integer/example.js","s":{"1":2,"2":2,"3":2,"4":2,"5":2,"6":2,"7":2,"8":1,"9":2,"10":2,"11":2,"12":2,"13":1,"14":2,"15":2,"16":2,"17":2,"18":2,"19":0,"20":2,"21":1,"22":1,"23":1,"24":1,"25":1,"26":0,"27":0,"28":1,"29":1,"30":2,"31":0,"32":0,"33":0,"34":1,"35":2,"36":2,"37":3,"38":3,"39":3,"40":3,"41":0,"42":3,"43":3,"44":3,"45":1,"46":3,"47":1,"48":1,"49":1,"50":1,"51":1,"52":1,"53":1,"54":1,"55":1,"56":1,"57":0,"58":1,"59":6,"60":6,"61":1,"62":2,"63":0,"64":2,"65":1,"66":1,"67":0,"68":0,"69":0,"70":0,"71":0,"72":0,"73":0,"74":0,"75":0,"76":0,"77":0,"78":0,"79":0,"80":0,"81":0,"82":0,"83":0},"b":{"1":[2,1,1,1],"2":[1,1,1,1],"3":[1,1],"4":[2,2],"5":[1,1],"6":[1,1],"7":[2,0],"8":[2,1,1,1,1,1],"9":[0,2,0],"10":[1,1],"11":[2,1,1],"12":[1,0],"13":[0,2],"14":[2,0,0,0,0,0,0],"15":[0,3],"16":[3,0],"17":[1,1],"18":[0,1],"19":[1,2,0,2],"20":[1,0],"21":[1,1],"22":[0,0],"23":[0,0],"24":[0,0],"25":[0,0],"26":[0,0],"27":[0,0],"28":[0,0]},"f":{"1":2,"2":2,"3":2,"4":2,"5":2,"6":2,"7":3,"8":3,"9":3,"10":1,"11":6,"12":0},"fnMap":{"1":{"name":"(anonymous_1)","line":26,"loc":{"start":{"line":26,"column":1},"end":{"line":26,"column":13}}},"2":{"name":"(anonymous_2)","line":33,"loc":{"start":{"line":33,"column":5},"end":{"line":33,"column":17}}},"3":{"name":"(anonymous_3)","line":37,"loc":{"start":{"line":37,"column":24},"end":{"line":37,"column":36}}},"4":{"name":"(anonymous_4)","line":69,"loc":{"start":{"line":69,"column":31},"end":{"line":69,"column":48}},"skip":true},"5":{"name":"(anonymous_5)","line":78,"loc":{"start":{"line":78,"column":26},"end":{"line":78,"column":45}},"skip":true},"6":{"name":"(anonymous_6)","line":123,"loc":{"start":{"line":123,"column":33},"end":{"line":123,"column":48}},"skip":true},"7":{"name":"(anonymous_7)","line":125,"loc":{"start":{"line":125,"column":27},"end":{"line":125,"column":39}},"skip":true},"8":{"name":"(anonymous_8)","line":133,"loc":{"start":{"line":133,"column":59},"end":{"line":133,"column":74}},"skip":true},"9":{"name":"(anonymous_9)","line":143,"loc":{"start":{"line":143,"column":45},"end":{"line":143,"column":62}},"skip":true},"10":{"name":"(anonymous_10)","line":144,"loc":{"start":{"line":144,"column":73},"end":{"line":144,"column":92}},"skip":true},"11":{"name":"(anonymous_11)","line":272,"loc":{"start":{"line":272,"column":51},"end":{"line":272,"column":77}},"skip":true},"12":{"name":"(anonymous_12)","line":315,"loc":{"start":{"line":315,"column":32},"end":{"line":315,"column":61}},"skip":true}},"statementMap":{"1":{"start":{"line":26,"column":0},"end":{"line":326,"column":5}},"2":{"start":{"line":28,"column":4},"end":{"line":28,"column":14}},"3":{"start":{"line":33,"column":4},"end":{"line":60,"column":9}},"4":{"start":{"line":35,"column":8},"end":{"line":35,"column":19}},"5":{"start":{"line":37,"column":8},"end":{"line":49,"column":13}},"6":{"start":{"line":38,"column":12},"end":{"line":48,"column":13}},"7":{"start":{"line":39,"column":16},"end":{"line":42,"column":30}},"8":{"start":{"line":44,"column":16},"end":{"line":47,"column":27}},"9":{"start":{"line":51,"column":8},"end":{"line":53,"column":21}},"10":{"start":{"line":55,"column":8},"end":{"line":57,"column":45}},"11":{"start":{"line":59,"column":8},"end":{"line":59,"column":35}},"12":{"start":{"line":61,"column":4},"end":{"line":325,"column":5}},"13":{"start":{"line":69,"column":8},"end":{"line":121,"column":10},"skip":true},"14":{"start":{"line":70,"column":12},"end":{"line":88,"column":13},"skip":true},"15":{"start":{"line":76,"column":16},"end":{"line":87,"column":19},"skip":true},"16":{"start":{"line":79,"column":20},"end":{"line":86,"column":21},"skip":true},"17":{"start":{"line":82,"column":24},"end":{"line":82,"column":43},"skip":true},"18":{"start":{"line":83,"column":24},"end":{"line":83,"column":30},"skip":true},"19":{"start":{"line":85,"column":24},"end":{"line":85,"column":49},"skip":true},"20":{"start":{"line":89,"column":12},"end":{"line":107,"column":13},"skip":true},"21":{"start":{"line":92,"column":16},"end":{"line":102,"column":17},"skip":true},"22":{"start":{"line":93,"column":20},"end":{"line":93,"column":86},"skip":true},"23":{"start":{"line":94,"column":20},"end":{"line":95,"column":45},"skip":true},"24":{"start":{"line":96,"column":20},"end":{"line":96,"column":42},"skip":true},"25":{"start":{"line":97,"column":20},"end":{"line":97,"column":48},"skip":true},"26":{"start":{"line":100,"column":20},"end":{"line":100,"column":85},"skip":true},"27":{"start":{"line":101,"column":20},"end":{"line":101,"column":96},"skip":true},"28":{"start":{"line":103,"column":16},"end":{"line":103,"column":22},"skip":true},"29":{"start":{"line":106,"column":16},"end":{"line":106,"column":22},"skip":true},"30":{"start":{"line":108,"column":12},"end":{"line":120,"column":13},"skip":true},"31":{"start":{"line":114,"column":16},"end":{"line":119,"column":17},"skip":true},"32":{"start":{"line":116,"column":20},"end":{"line":116,"column":78},"skip":true},"33":{"start":{"line":118,"column":20},"end":{"line":118,"column":47},"skip":true},"34":{"start":{"line":123,"column":8},"end":{"line":141,"column":11},"skip":true},"35":{"start":{"line":124,"column":12},"end":{"line":124,"column":54},"skip":true},"36":{"start":{"line":125,"column":12},"end":{"line":140,"column":14},"skip":true},"37":{"start":{"line":126,"column":16},"end":{"line":126,"column":28},"skip":true},"38":{"start":{"line":127,"column":16},"end":{"line":127,"column":69},"skip":true},"39":{"start":{"line":128,"column":16},"end":{"line":128,"column":75},"skip":true},"40":{"start":{"line":129,"column":16},"end":{"line":131,"column":17},"skip":true},"41":{"start":{"line":130,"column":20},"end":{"line":130,"column":27},"skip":true},"42":{"start":{"line":133,"column":16},"end":{"line":137,"column":36},"skip":true},"43":{"start":{"line":134,"column":20},"end":{"line":136,"column":55},"skip":true},"44":{"start":{"line":139,"column":16},"end":{"line":139,"column":57},"skip":true},"45":{"start":{"line":143,"column":8},"end":{"line":147,"column":11},"skip":true},"46":{"start":{"line":144,"column":12},"end":{"line":146,"column":15},"skip":true},"47":{"start":{"line":145,"column":16},"end":{"line":145,"column":70},"skip":true},"48":{"start":{"line":149,"column":8},"end":{"line":149,"column":31},"skip":true},"49":{"start":{"line":150,"column":8},"end":{"line":150,"column":14},"skip":true},"50":{"start":{"line":158,"column":8},"end":{"line":158,"column":31},"skip":true},"51":{"start":{"line":160,"column":8},"end":{"line":160,"column":33},"skip":true},"52":{"start":{"line":161,"column":8},"end":{"line":161,"column":37},"skip":true},"53":{"start":{"line":162,"column":8},"end":{"line":162,"column":35},"skip":true},"54":{"start":{"line":164,"column":8},"end":{"line":164,"column":50},"skip":true},"55":{"start":{"line":166,"column":8},"end":{"line":256,"column":2},"skip":true},"56":{"start":{"line":258,"column":8},"end":{"line":286,"column":9},"skip":true},"57":{"start":{"line":259,"column":12},"end":{"line":269,"column":14},"skip":true},"58":{"start":{"line":271,"column":12},"end":{"line":285,"column":19},"skip":true},"59":{"start":{"line":274,"column":20},"end":{"line":274,"column":35},"skip":true},"60":{"start":{"line":275,"column":20},"end":{"line":284,"column":21},"skip":true},"61":{"start":{"line":277,"column":24},"end":{"line":277,"column":64},"skip":true},"62":{"start":{"line":279,"column":24},"end":{"line":279,"column":40},"skip":true},"63":{"start":{"line":281,"column":24},"end":{"line":281,"column":40},"skip":true},"64":{"start":{"line":283,"column":24},"end":{"line":283,"column":39},"skip":true},"65":{"start":{"line":288,"column":8},"end":{"line":290,"column":9},"skip":true},"66":{"start":{"line":289,"column":12},"end":{"line":289,"column":18},"skip":true},"67":{"start":{"line":291,"column":8},"end":{"line":293,"column":54},"skip":true},"68":{"start":{"line":296,"column":8},"end":{"line":301,"column":37},"skip":true},"69":{"start":{"line":303,"column":8},"end":{"line":303,"column":82},"skip":true},"70":{"start":{"line":306,"column":8},"end":{"line":308,"column":9},"skip":true},"71":{"start":{"line":307,"column":12},"end":{"line":307,"column":82},"skip":true},"72":{"start":{"line":310,"column":8},"end":{"line":312,"column":9},"skip":true},"73":{"start":{"line":311,"column":12},"end":{"line":311,"column":18},"skip":true},"74":{"start":{"line":313,"column":8},"end":{"line":313,"column":54},"skip":true},"75":{"start":{"line":314,"column":8},"end":{"line":314,"column":69},"skip":true},"76":{"start":{"line":315,"column":8},"end":{"line":323,"column":36},"skip":true},"77":{"start":{"line":316,"column":12},"end":{"line":316,"column":61},"skip":true},"78":{"start":{"line":317,"column":12},"end":{"line":320,"column":13},"skip":true},"79":{"start":{"line":318,"column":16},"end":{"line":318,"column":75},"skip":true},"80":{"start":{"line":319,"column":16},"end":{"line":319,"column":23},"skip":true},"81":{"start":{"line":321,"column":12},"end":{"line":321,"column":38},"skip":true},"82":{"start":{"line":322,"column":12},"end":{"line":322,"column":27},"skip":true},"83":{"start":{"line":324,"column":8},"end":{"line":324,"column":14},"skip":true}},"branchMap":{"1":{"line":39,"type":"binary-expr","locations":[{"start":{"line":39,"column":23},"end":{"line":39,"column":62}},{"start":{"line":40,"column":20},"end":{"line":40,"column":70}},{"start":{"line":41,"column":20},"end":{"line":41,"column":71}},{"start":{"line":42,"column":20},"end":{"line":42,"column":29}}]},"2":{"line":44,"type":"binary-expr","locations":[{"start":{"line":44,"column":23},"end":{"line":44,"column":37}},{"start":{"line":45,"column":20},"end":{"line":45,"column":61}},{"start":{"line":46,"column":20},"end":{"line":46,"column":70}},{"start":{"line":47,"column":20},"end":{"line":47,"column":26}}]},"3":{"line":51,"type":"cond-expr","locations":[{"start":{"line":52,"column":14},"end":{"line":52,"column":20}},{"start":{"line":53,"column":14},"end":{"line":53,"column":20}}]},"4":{"line":55,"type":"binary-expr","locations":[{"start":{"line":55,"column":16},"end":{"line":55,"column":44}},{"start":{"line":55,"column":49},"end":{"line":57,"column":43}}]},"5":{"line":55,"type":"cond-expr","locations":[{"start":{"line":56,"column":14},"end":{"line":56,"column":55}},{"start":{"line":57,"column":14},"end":{"line":57,"column":43}}]},"6":{"line":61,"type":"switch","locations":[{"start":{"line":68,"column":4},"end":{"line":150,"column":14},"skip":true},{"start":{"line":156,"column":4},"end":{"line":324,"column":14},"skip":true}]},"7":{"line":70,"type":"if","locations":[{"start":{"line":70,"column":12},"end":{"line":70,"column":12},"skip":true},{"start":{"line":70,"column":12},"end":{"line":70,"column":12},"skip":true}]},"8":{"line":70,"type":"binary-expr","locations":[{"start":{"line":70,"column":16},"end":{"line":70,"column":22},"skip":true},{"start":{"line":70,"column":27},"end":{"line":70,"column":32},"skip":true},{"start":{"line":71,"column":20},"end":{"line":71,"column":39},"skip":true},{"start":{"line":72,"column":20},"end":{"line":72,"column":49},"skip":true},{"start":{"line":73,"column":20},"end":{"line":73,"column":58},"skip":true},{"start":{"line":74,"column":20},"end":{"line":74,"column":69},"skip":true}]},"9":{"line":79,"type":"switch","locations":[{"start":{"line":80,"column":20},"end":{"line":80,"column":33},"skip":true},{"start":{"line":81,"column":20},"end":{"line":83,"column":30},"skip":true},{"start":{"line":84,"column":20},"end":{"line":85,"column":49},"skip":true}]},"10":{"line":89,"type":"switch","locations":[{"start":{"line":90,"column":12},"end":{"line":103,"column":22},"skip":true},{"start":{"line":105,"column":12},"end":{"line":106,"column":22},"skip":true}]},"11":{"line":89,"type":"binary-expr","locations":[{"start":{"line":89,"column":20},"end":{"line":89,"column":25},"skip":true},{"start":{"line":89,"column":29},"end":{"line":89,"column":48},"skip":true},{"start":{"line":89,"column":52},"end":{"line":89,"column":74},"skip":true}]},"12":{"line":92,"type":"if","locations":[{"start":{"line":92,"column":16},"end":{"line":92,"column":16},"skip":true},{"start":{"line":92,"column":16},"end":{"line":92,"column":16},"skip":true}]},"13":{"line":108,"type":"if","locations":[{"start":{"line":108,"column":12},"end":{"line":108,"column":12},"skip":true},{"start":{"line":108,"column":12},"end":{"line":108,"column":12},"skip":true}]},"14":{"line":108,"type":"binary-expr","locations":[{"start":{"line":108,"column":16},"end":{"line":108,"column":61},"skip":true},{"start":{"line":108,"column":66},"end":{"line":108,"column":72},"skip":true},{"start":{"line":108,"column":77},"end":{"line":108,"column":82},"skip":true},{"start":{"line":109,"column":20},"end":{"line":109,"column":39},"skip":true},{"start":{"line":110,"column":20},"end":{"line":110,"column":49},"skip":true},{"start":{"line":111,"column":20},"end":{"line":111,"column":58},"skip":true},{"start":{"line":112,"column":20},"end":{"line":112,"column":68},"skip":true}]},"15":{"line":129,"type":"if","locations":[{"start":{"line":129,"column":16},"end":{"line":129,"column":16},"skip":true},{"start":{"line":129,"column":16},"end":{"line":129,"column":16},"skip":true}]},"16":{"line":134,"type":"cond-expr","locations":[{"start":{"line":135,"column":26},"end":{"line":135,"column":29},"skip":true},{"start":{"line":136,"column":26},"end":{"line":136,"column":54},"skip":true}]},"17":{"line":164,"type":"binary-expr","locations":[{"start":{"line":164,"column":27},"end":{"line":164,"column":43},"skip":true},{"start":{"line":164,"column":47},"end":{"line":164,"column":49},"skip":true}]},"18":{"line":258,"type":"if","locations":[{"start":{"line":258,"column":8},"end":{"line":258,"column":8},"skip":true},{"start":{"line":258,"column":8},"end":{"line":258,"column":8},"skip":true}]},"19":{"line":275,"type":"switch","locations":[{"start":{"line":276,"column":20},"end":{"line":277,"column":64},"skip":true},{"start":{"line":278,"column":20},"end":{"line":279,"column":40},"skip":true},{"start":{"line":280,"column":20},"end":{"line":281,"column":40},"skip":true},{"start":{"line":282,"column":20},"end":{"line":283,"column":39},"skip":true}]},"20":{"line":288,"type":"if","locations":[{"start":{"line":288,"column":8},"end":{"line":288,"column":8},"skip":true},{"start":{"line":288,"column":8},"end":{"line":288,"column":8},"skip":true}]},"21":{"line":288,"type":"binary-expr","locations":[{"start":{"line":288,"column":12},"end":{"line":288,"column":40},"skip":true},{"start":{"line":288,"column":44},"end":{"line":288,"column":67},"skip":true}]},"22":{"line":292,"type":"binary-expr","locations":[{"start":{"line":292,"column":12},"end":{"line":292,"column":50},"skip":true},{"start":{"line":293,"column":12},"end":{"line":293,"column":53},"skip":true}]},"23":{"line":297,"type":"binary-expr","locations":[{"start":{"line":297,"column":12},"end":{"line":297,"column":69},"skip":true},{"start":{"line":298,"column":12},"end":{"line":301,"column":36},"skip":true}]},"24":{"line":303,"type":"binary-expr","locations":[{"start":{"line":303,"column":43},"end":{"line":303,"column":75},"skip":true},{"start":{"line":303,"column":79},"end":{"line":303,"column":81},"skip":true}]},"25":{"line":306,"type":"if","locations":[{"start":{"line":306,"column":8},"end":{"line":306,"column":8},"skip":true},{"start":{"line":306,"column":8},"end":{"line":306,"column":8},"skip":true}]},"26":{"line":310,"type":"if","locations":[{"start":{"line":310,"column":8},"end":{"line":310,"column":8},"skip":true},{"start":{"line":310,"column":8},"end":{"line":310,"column":8},"skip":true}]},"27":{"line":313,"type":"binary-expr","locations":[{"start":{"line":313,"column":27},"end":{"line":313,"column":43},"skip":true},{"start":{"line":313,"column":47},"end":{"line":313,"column":53},"skip":true}]},"28":{"line":317,"type":"if","locations":[{"start":{"line":317,"column":12},"end":{"line":317,"column":12},"skip":true},{"start":{"line":317,"column":12},"end":{"line":317,"column":12},"skip":true}]}},"code":["/*","example.js","","quickstart example","","instruction","    1. save this script as example.js","    2. run the shell command:","        $ npm install npmtest-big-integer && PORT=8081 node example.js","    3. play with the browser-demo on http://127.0.0.1:8081","*/","","","","/* istanbul instrument in package npmtest_big_integer */","/*jslint","    bitwise: true,","    browser: true,","    maxerr: 8,","    maxlen: 96,","    node: true,","    nomen: true,","    regexp: true,","    stupid: true","*/","(function () {","    'use strict';","    var local;","","","","    // run shared js-env code - pre-init","    (function () {","        // init local","        local = {};","        // init modeJs","        local.modeJs = (function () {","            try {","                return typeof navigator.userAgent === 'string' &&","                    typeof document.querySelector('body') === 'object' &&","                    typeof XMLHttpRequest.prototype.open === 'function' &&","                    'browser';","            } catch (errorCaughtBrowser) {","                return module.exports &&","                    typeof process.versions.node === 'string' &&","                    typeof require('http').createServer === 'function' &&","                    'node';","            }","        }());","        // init global","        local.global = local.modeJs === 'browser'","            ? window","            : global;","        // init utility2_rollup","        local = local.global.utility2_rollup || (local.modeJs === 'browser'","            ? local.global.utility2_npmtest_big_integer","            : global.utility2_moduleExports);","        // export local","        local.global.local = local;","    }());","    switch (local.modeJs) {","","","","    // post-init","    // run browser js-env code - post-init","    /* istanbul ignore next */","    case 'browser':","        local.testRunBrowser = function (event) {","            if (!event || (event &&","                    event.currentTarget &&","                    event.currentTarget.className &&","                    event.currentTarget.className.includes &&","                    event.currentTarget.className.includes('onreset'))) {","                // reset output","                Array.from(","                    document.querySelectorAll('body > .resettable')","                ).forEach(function (element) {","                    switch (element.tagName) {","                    case 'INPUT':","                    case 'TEXTAREA':","                        element.value = '';","                        break;","                    default:","                        element.textContent = '';","                    }","                });","            }","            switch (event && event.currentTarget && event.currentTarget.id) {","            case 'testRunButton1':","                // show tests","                if (document.querySelector('#testReportDiv1').style.display === 'none') {","                    document.querySelector('#testReportDiv1').style.display = 'block';","                    document.querySelector('#testRunButton1').textContent =","                        'hide internal test';","                    local.modeTest = true;","                    local.testRunDefault(local);","                // hide tests","                } else {","                    document.querySelector('#testReportDiv1').style.display = 'none';","                    document.querySelector('#testRunButton1').textContent = 'run internal test';","                }","                break;","            // custom-case","            default:","                break;","            }","            if (document.querySelector('#inputTextareaEval1') && (!event || (event &&","                    event.currentTarget &&","                    event.currentTarget.className &&","                    event.currentTarget.className.includes &&","                    event.currentTarget.className.includes('oneval')))) {","                // try to eval input-code","                try {","                    /*jslint evil: true*/","                    eval(document.querySelector('#inputTextareaEval1').value);","                } catch (errorCaught) {","                    console.error(errorCaught);","                }","            }","        };","        // log stderr and stdout to #outputTextareaStdout1","        ['error', 'log'].forEach(function (key) {","            console[key + '_original'] = console[key];","            console[key] = function () {","                var element;","                console[key + '_original'].apply(console, arguments);","                element = document.querySelector('#outputTextareaStdout1');","                if (!element) {","                    return;","                }","                // append text to #outputTextareaStdout1","                element.value += Array.from(arguments).map(function (arg) {","                    return typeof arg === 'string'","                        ? arg","                        : JSON.stringify(arg, null, 4);","                }).join(' ') + '\\n';","                // scroll textarea to bottom","                element.scrollTop = element.scrollHeight;","            };","        });","        // init event-handling","        ['change', 'click', 'keyup'].forEach(function (event) {","            Array.from(document.querySelectorAll('.on' + event)).forEach(function (element) {","                element.addEventListener(event, local.testRunBrowser);","            });","        });","        // run tests","        local.testRunBrowser();","        break;","","","","    // run node js-env code - post-init","    /* istanbul ignore next */","    case 'node':","        // export local","        module.exports = local;","        // require modules","        local.fs = require('fs');","        local.http = require('http');","        local.url = require('url');","        // init assets","        local.assetsDict = local.assetsDict || {};","        /* jslint-ignore-begin */","        local.assetsDict['/assets.index.template.html'] = '\\","<!doctype html>\\n\\","<html lang=\"en\">\\n\\","<head>\\n\\","<meta charset=\"UTF-8\">\\n\\","<meta name=\"viewport\" content=\"width=device-width, initial-scale=1\">\\n\\","<title>{{env.npm_package_name}} (v{{env.npm_package_version}})</title>\\n\\","<style>\\n\\","/*csslint\\n\\","    box-sizing: false,\\n\\","    universal-selector: false\\n\\","*/\\n\\","* {\\n\\","    box-sizing: border-box;\\n\\","}\\n\\","body {\\n\\","    background: #dde;\\n\\","    font-family: Arial, Helvetica, sans-serif;\\n\\","    margin: 2rem;\\n\\","}\\n\\","body > * {\\n\\","    margin-bottom: 1rem;\\n\\","}\\n\\",".utility2FooterDiv {\\n\\","    margin-top: 20px;\\n\\","    text-align: center;\\n\\","}\\n\\","</style>\\n\\","<style>\\n\\","/*csslint\\n\\","*/\\n\\","textarea {\\n\\","    font-family: monospace;\\n\\","    height: 10rem;\\n\\","    width: 100%;\\n\\","}\\n\\","textarea[readonly] {\\n\\","    background: #ddd;\\n\\","}\\n\\","</style>\\n\\","</head>\\n\\","<body>\\n\\","<!-- utility2-comment\\n\\","<div id=\"ajaxProgressDiv1\" style=\"background: #d00; height: 2px; left: 0; margin: 0; padding: 0; position: fixed; top: 0; transition: background 0.5s, width 1.5s; width: 25%;\"></div>\\n\\","utility2-comment -->\\n\\","<h1>\\n\\","<!-- utility2-comment\\n\\","    <a\\n\\","        {{#if env.npm_package_homepage}}\\n\\","        href=\"{{env.npm_package_homepage}}\"\\n\\","        {{/if env.npm_package_homepage}}\\n\\","        target=\"_blank\"\\n\\","    >\\n\\","utility2-comment -->\\n\\","        {{env.npm_package_name}} (v{{env.npm_package_version}})\\n\\","<!-- utility2-comment\\n\\","    </a>\\n\\","utility2-comment -->\\n\\","</h1>\\n\\","<h3>{{env.npm_package_description}}</h3>\\n\\","<!-- utility2-comment\\n\\","<h4><a download href=\"assets.app.js\">download standalone app</a></h4>\\n\\","<button class=\"onclick onreset\" id=\"testRunButton1\">run internal test</button><br>\\n\\","<div id=\"testReportDiv1\" style=\"display: none;\"></div>\\n\\","utility2-comment -->\\n\\","\\n\\","\\n\\","\\n\\","<label>stderr and stdout</label>\\n\\","<textarea class=\"resettable\" id=\"outputTextareaStdout1\" readonly></textarea>\\n\\","<!-- utility2-comment\\n\\","{{#if isRollup}}\\n\\","<script src=\"assets.app.js\"></script>\\n\\","{{#unless isRollup}}\\n\\","utility2-comment -->\\n\\","<script src=\"assets.utility2.rollup.js\"></script>\\n\\","<script src=\"jsonp.utility2._stateInit?callback=window.utility2._stateInit\"></script>\\n\\","<script src=\"assets.npmtest_big_integer.rollup.js\"></script>\\n\\","<script src=\"assets.example.js\"></script>\\n\\","<script src=\"assets.test.js\"></script>\\n\\","<!-- utility2-comment\\n\\","{{/if isRollup}}\\n\\","utility2-comment -->\\n\\","<div class=\"utility2FooterDiv\">\\n\\","    [ this app was created with\\n\\","    <a href=\"https://github.com/kaizhu256/node-utility2\" target=\"_blank\">utility2</a>\\n\\","    ]\\n\\","</div>\\n\\","</body>\\n\\","</html>\\n\\","';","        /* jslint-ignore-end */","        if (local.templateRender) {","            local.assetsDict['/'] = local.templateRender(","                local.assetsDict['/assets.index.template.html'],","                {","                    env: local.objectSetDefault(local.env, {","                        npm_package_description: 'the greatest app in the world!',","                        npm_package_name: 'my-app',","                        npm_package_nameAlias: 'my_app',","                        npm_package_version: '0.0.1'","                    })","                }","            );","        } else {","            local.assetsDict['/'] = local.assetsDict['/assets.index.template.html']","                .replace((/\\{\\{env\\.(\\w+?)\\}\\}/g), function (match0, match1) {","                    // jslint-hack","                    String(match0);","                    switch (match1) {","                    case 'npm_package_description':","                        return 'the greatest app in the world!';","                    case 'npm_package_name':","                        return 'my-app';","                    case 'npm_package_nameAlias':","                        return 'my_app';","                    case 'npm_package_version':","                        return '0.0.1';","                    }","                });","        }","        // run the cli","        if (local.global.utility2_rollup || module !== require.main) {","            break;","        }","        local.assetsDict['/assets.example.js'] =","            local.assetsDict['/assets.example.js'] ||","            local.fs.readFileSync(__filename, 'utf8');","        // bug-workaround - long $npm_package_buildCustomOrg","        /* jslint-ignore-begin */","        local.assetsDict['/assets.npmtest_big_integer.rollup.js'] =","            local.assetsDict['/assets.npmtest_big_integer.rollup.js'] ||","            local.fs.readFileSync(","                local.npmtest_big_integer.__dirname + '/lib.npmtest_big_integer.js',","                'utf8'","            ).replace((/^#!/), '//');","        /* jslint-ignore-end */","        local.assetsDict['/favicon.ico'] = local.assetsDict['/favicon.ico'] || '';","        // if $npm_config_timeout_exit exists,","        // then exit this process after $npm_config_timeout_exit ms","        if (Number(process.env.npm_config_timeout_exit)) {","            setTimeout(process.exit, Number(process.env.npm_config_timeout_exit));","        }","        // start server","        if (local.global.utility2_serverHttp1) {","            break;","        }","        process.env.PORT = process.env.PORT || '8081';","        console.error('server starting on port ' + process.env.PORT);","        local.http.createServer(function (request, response) {","            request.urlParsed = local.url.parse(request.url);","            if (local.assetsDict[request.urlParsed.pathname] !== undefined) {","                response.end(local.assetsDict[request.urlParsed.pathname]);","                return;","            }","            response.statusCode = 404;","            response.end();","        }).listen(process.env.PORT);","        break;","    }","}());",""],"l":{"26":2,"28":2,"33":2,"35":2,"37":2,"38":2,"39":2,"44":1,"51":2,"55":2,"59":2,"61":2,"69":1,"70":2,"76":2,"79":2,"82":2,"83":2,"85":1,"89":2,"92":1,"93":1,"94":1,"96":1,"97":1,"100":1,"101":1,"103":1,"106":1,"108":2,"114":1,"116":1,"118":1,"123":1,"124":2,"125":2,"126":3,"127":3,"128":3,"129":3,"130":1,"133":3,"134":3,"139":3,"143":1,"144":3,"145":1,"149":1,"150":1,"158":1,"160":1,"161":1,"162":1,"164":1,"166":1,"258":1,"259":1,"271":1,"274":6,"275":6,"277":1,"279":2,"281":1,"283":2,"288":1,"289":1,"291":1,"296":1,"303":1,"306":1,"307":1,"310":1,"311":1,"313":1,"314":1,"315":1,"316":1,"317":1,"318":1,"319":1,"321":1,"322":1,"324":1}},"/home/travis/build/npmtest/node-npmtest-big-integer/node_modules/big-integer/BigInteger.js":{"path":"/home/travis/build/npmtest/node-npmtest-big-integer/node_modules/big-integer/BigInteger.js","s":{"1":1,"2":1,"3":1,"4":0,"5":0,"6":0,"7":0,"8":0,"9":1,"10":0,"11":0,"12":0,"13":1,"14":1,"15":1999,"16":1999,"17":1999,"18":1,"19":1,"20":0,"21":1,"22":1,"23":0,"24":1,"25":0,"26":1,"27":1,"28":0,"29":0,"30":0,"31":0,"32":0,"33":0,"34":0,"35":0,"36":0,"37":1,"38":0,"39":0,"40":0,"41":1,"42":0,"43":0,"44":0,"45":0,"46":0,"47":1,"48":0,"49":0,"50":0,"51":1,"52":0,"53":0,"54":0,"55":0,"56":0,"57":0,"58":0,"59":0,"60":0,"61":0,"62":0,"63":0,"64":1,"65":0,"66":0,"67":0,"68":1,"69":0,"70":0,"71":0,"72":0,"73":0,"74":0,"75":0,"76":0,"77":0,"78":0,"79":1,"80":0,"81":0,"82":0,"83":0,"84":0,"85":0,"86":0,"87":1,"88":1,"89":0,"90":0,"91":0,"92":0,"93":0,"94":0,"95":0,"96":0,"97":0,"98":0,"99":1,"100":1,"101":0,"102":0,"103":0,"104":0,"105":0,"106":0,"107":0,"108":0,"109":0,"110":0,"111":0,"112":0,"113":0,"114":0,"115":0,"116":0,"117":0,"118":0,"119":0,"120":1,"121":0,"122":0,"123":0,"124":0,"125":0,"126":0,"127":0,"128":0,"129":0,"130":0,"131":0,"132":1,"133":0,"134":0,"135":0,"136":0,"137":0,"138":0,"139":0,"140":0,"141":0,"142":0,"143":0,"144":0,"145":1,"146":0,"147":0,"148":0,"149":0,"150":0,"151":0,"152":0,"153":1,"154":1,"155":0,"156":0,"157":0,"158":0,"159":0,"160":0,"161":0,"162":0,"163":1,"164":1,"165":0,"166":1,"167":0,"168":0,"169":0,"170":0,"171":1,"172":0,"173":1,"174":0,"175":1,"176":0,"177":0,"178":0,"179":0,"180":0,"181":0,"182":0,"183":0,"184":0,"185":0,"186":0,"187":1,"188":0,"189":0,"190":0,"191":0,"192":0,"193":0,"194":0,"195":0,"196":0,"197":1,"198":0,"199":0,"200":0,"201":0,"202":1,"203":0,"204":0,"205":0,"206":0,"207":0,"208":0,"209":0,"210":0,"211":0,"212":1,"213":0,"214":1,"215":0,"216":0,"217":0,"218":0,"219":0,"220":0,"221":0,"222":0,"223":0,"224":0,"225":0,"226":0,"227":0,"228":0,"229":0,"230":1,"231":1,"232":0,"233":0,"234":0,"235":1,"236":0,"237":0,"238":0,"239":1,"240":0,"241":0,"242":0,"243":0,"244":0,"245":0,"246":0,"247":1,"248":0,"249":1,"250":1,"251":0,"252":0,"253":0,"254":0,"255":0,"256":0,"257":0,"258":0,"259":0,"260":0,"261":0,"262":1,"263":0,"264":1,"265":0,"266":0,"267":0,"268":0,"269":1,"270":0,"271":0,"272":0,"273":0,"274":0,"275":0,"276":0,"277":0,"278":0,"279":0,"280":0,"281":0,"282":0,"283":0,"284":0,"285":0,"286":0,"287":0,"288":0,"289":0,"290":0,"291":0,"292":0,"293":0,"294":0,"295":0,"296":0,"297":0,"298":0,"299":0,"300":0,"301":0,"302":0,"303":0,"304":0,"305":0,"306":1,"307":0,"308":0,"309":0,"310":0,"311":0,"312":0,"313":0,"314":0,"315":0,"316":0,"317":0,"318":0,"319":0,"320":0,"321":0,"322":0,"323":0,"324":0,"325":0,"326":0,"327":0,"328":0,"329":1,"330":0,"331":0,"332":0,"333":0,"334":0,"335":0,"336":0,"337":0,"338":1,"339":0,"340":0,"341":0,"342":0,"343":0,"344":0,"345":0,"346":0,"347":0,"348":0,"349":0,"350":0,"351":0,"352":0,"353":0,"354":0,"355":0,"356":0,"357":0,"358":0,"359":0,"360":0,"361":0,"362":0,"363":0,"364":0,"365":0,"366":0,"367":0,"368":0,"369":0,"370":0,"371":0,"372":0,"373":0,"374":0,"375":0,"376":0,"377":0,"378":0,"379":0,"380":0,"381":0,"382":0,"383":0,"384":0,"385":0,"386":0,"387":1,"388":0,"389":0,"390":1,"391":1,"392":0,"393":1,"394":1,"395":0,"396":1,"397":1,"398":0,"399":0,"400":0,"401":0,"402":0,"403":0,"404":0,"405":0,"406":0,"407":0,"408":0,"409":0,"410":0,"411":0,"412":0,"413":0,"414":0,"415":0,"416":0,"417":0,"418":0,"419":0,"420":0,"421":0,"422":0,"423":0,"424":0,"425":1,"426":1,"427":0,"428":0,"429":0,"430":0,"431":0,"432":0,"433":0,"434":0,"435":0,"436":0,"437":0,"438":0,"439":0,"440":1,"441":1,"442":0,"443":0,"444":0,"445":0,"446":0,"447":0,"448":1,"449":0,"450":0,"451":0,"452":0,"453":1,"454":0,"455":0,"456":0,"457":0,"458":0,"459":1,"460":0,"461":0,"462":0,"463":0,"464":0,"465":0,"466":0,"467":0,"468":0,"469":0,"470":1,"471":1,"472":0,"473":0,"474":0,"475":0,"476":0,"477":0,"478":0,"479":0,"480":0,"481":0,"482":1,"483":1,"484":0,"485":1,"486":1,"487":0,"488":1,"489":1,"490":0,"491":1,"492":1,"493":0,"494":1,"495":1,"496":0,"497":1,"498":1,"499":0,"500":1,"501":1,"502":0,"503":1,"504":0,"505":1,"506":0,"507":1,"508":0,"509":1,"510":0,"511":1,"512":0,"513":1,"514":0,"515":1,"516":0,"517":1,"518":0,"519":1,"520":0,"521":1,"522":0,"523":1,"524":0,"525":1,"526":0,"527":0,"528":0,"529":0,"530":0,"531":0,"532":0,"533":0,"534":0,"535":1,"536":1,"537":0,"538":0,"539":0,"540":0,"541":0,"542":0,"543":0,"544":0,"545":0,"546":1,"547":0,"548":0,"549":0,"550":0,"551":0,"552":0,"553":0,"554":0,"555":0,"556":0,"557":0,"558":0,"559":0,"560":0,"561":0,"562":0,"563":0,"564":0,"565":1,"566":1,"567":0,"568":0,"569":0,"570":0,"571":0,"572":0,"573":0,"574":0,"575":0,"576":0,"577":1,"578":1,"579":0,"580":0,"581":0,"582":0,"583":0,"584":0,"585":0,"586":0,"587":0,"588":0,"589":0,"590":0,"591":0,"592":0,"593":0,"594":0,"595":1,"596":1,"597":0,"598":0,"599":0,"600":0,"601":1,"602":0,"603":0,"604":0,"605":0,"606":1,"607":0,"608":0,"609":0,"610":0,"611":1,"612":0,"613":0,"614":0,"615":0,"616":1,"617":1,"618":24,"619":1,"620":1,"621":0,"622":1,"623":0,"624":0,"625":0,"626":0,"627":0,"628":0,"629":0,"630":0,"631":0,"632":0,"633":1,"634":1,"635":0,"636":0,"637":0,"638":0,"639":0,"640":0,"641":0,"642":0,"643":0,"644":0,"645":0,"646":0,"647":0,"648":0,"649":0,"650":1,"651":1,"652":0,"653":0,"654":0,"655":0,"656":0,"657":0,"658":0,"659":0,"660":0,"661":0,"662":0,"663":0,"664":0,"665":0,"666":0,"667":0,"668":0,"669":0,"670":0,"671":0,"672":0,"673":0,"674":0,"675":0,"676":0,"677":0,"678":0,"679":1,"680":0,"681":1,"682":1,"683":0,"684":0,"685":1,"686":1,"687":0,"688":0,"689":1,"690":1,"691":0,"692":0,"693":1,"694":1,"695":1,"696":0,"697":0,"698":1,"699":0,"700":0,"701":0,"702":1,"703":0,"704":0,"705":0,"706":1,"707":0,"708":0,"709":0,"710":0,"711":0,"712":0,"713":0,"714":0,"715":0,"716":0,"717":0,"718":0,"719":0,"720":0,"721":0,"722":0,"723":0,"724":0,"725":0,"726":0,"727":0,"728":0,"729":0,"730":0,"731":0,"732":1,"733":0,"734":0,"735":0,"736":1,"737":0,"738":0,"739":0,"740":0,"741":0,"742":0,"743":0,"744":0,"745":0,"746":0,"747":0,"748":0,"749":0,"750":0,"751":0,"752":0,"753":1,"754":0,"755":0,"756":0,"757":0,"758":0,"759":0,"760":0,"761":0,"762":0,"763":0,"764":0,"765":0,"766":0,"767":0,"768":0,"769":0,"770":0,"771":0,"772":0,"773":0,"774":0,"775":1,"776":0,"777":0,"778":0,"779":0,"780":0,"781":1,"782":0,"783":0,"784":0,"785":0,"786":0,"787":0,"788":1,"789":0,"790":0,"791":0,"792":0,"793":0,"794":0,"795":0,"796":0,"797":0,"798":0,"799":0,"800":0,"801":0,"802":0,"803":0,"804":0,"805":0,"806":0,"807":0,"808":0,"809":0,"810":0,"811":0,"812":0,"813":0,"814":0,"815":0,"816":0,"817":0,"818":0,"819":0,"820":1,"821":0,"822":0,"823":0,"824":0,"825":0,"826":0,"827":0,"828":0,"829":0,"830":0,"831":1,"832":0,"833":0,"834":0,"835":0,"836":0,"837":1,"838":0,"839":1,"840":1,"841":0,"842":1,"843":1,"844":0,"845":0,"846":0,"847":0,"848":0,"849":0,"850":0,"851":0,"852":0,"853":0,"854":0,"855":0,"856":0,"857":0,"858":0,"859":0,"860":0,"861":0,"862":0,"863":0,"864":0,"865":0,"866":0,"867":0,"868":0,"869":0,"870":0,"871":0,"872":0,"873":0,"874":0,"875":0,"876":0,"877":0,"878":0,"879":0,"880":0,"881":0,"882":0,"883":1,"884":0,"885":0,"886":0,"887":0,"888":0,"889":1,"890":0,"891":0,"892":0,"893":0,"894":0,"895":1,"896":1000,"897":1000,"898":999,"899":1,"900":1,"901":1,"902":1,"903":1,"904":1,"905":1,"906":1,"907":0,"908":1,"909":1,"910":0,"911":1,"912":1,"913":1},"b":{"1":[0,0],"2":[0,0],"3":[0,0],"4":[0,0],"5":[0,1],"6":[0,1],"7":[0,0],"8":[0,0],"9":[0,0,0,0],"10":[0,0],"11":[0,0],"12":[0,0],"13":[0,0],"14":[0,0],"15":[0,0],"16":[0,0],"17":[0,0],"18":[0,0],"19":[0,0],"20":[0,0],"21":[0,0],"22":[0,0],"23":[0,0],"24":[0,0],"25":[0,0],"26":[0,0],"27":[0,0],"28":[0,0],"29":[0,0],"30":[0,0],"31":[0,0],"32":[0,0],"33":[0,0],"34":[0,0],"35":[0,0],"36":[0,0],"37":[0,0],"38":[0,0],"39":[0,0],"40":[0,0],"41":[0,0],"42":[0,0],"43":[0,0],"44":[0,0],"45":[0,0],"46":[0,0],"47":[0,0],"48":[0,0],"49":[0,0],"50":[0,0],"51":[0,0],"52":[0,0],"53":[0,0],"54":[0,0],"55":[0,0],"56":[0,0],"57":[0,0],"58":[0,0],"59":[0,0],"60":[0,0],"61":[0,0],"62":[0,0],"63":[0,0],"64":[0,0],"65":[0,0],"66":[0,0],"67":[0,0],"68":[0,0],"69":[0,0],"70":[0,0],"71":[0,0],"72":[0,0],"73":[0,0],"74":[0,0],"75":[0,0],"76":[0,0],"77":[0,0],"78":[0,0],"79":[0,0],"80":[0,0],"81":[0,0],"82":[0,0],"83":[0,0],"84":[0,0],"85":[0,0],"86":[0,0],"87":[0,0],"88":[0,0],"89":[0,0],"90":[0,0],"91":[0,0],"92":[0,0],"93":[0,0],"94":[0,0],"95":[0,0],"96":[0,0],"97":[0,0],"98":[0,0],"99":[0,0],"100":[0,0],"101":[0,0],"102":[0,0],"103":[0,0],"104":[0,0],"105":[0,0],"106":[0,0],"107":[0,0],"108":[0,0],"109":[0,0],"110":[0,0],"111":[0,0],"112":[0,0,0],"113":[0,0],"114":[0,0,0],"115":[0,0],"116":[0,0],"117":[0,0],"118":[0,0],"119":[0,0],"120":[0,0],"121":[0,0],"122":[0,0],"123":[0,0],"124":[0,0],"125":[0,0],"126":[0,0],"127":[0,0],"128":[0,0],"129":[0,0],"130":[0,0],"131":[0,0],"132":[0,0,0,0,0],"133":[0,0],"134":[0,0],"135":[0,0],"136":[0,0],"137":[0,0],"138":[0,0],"139":[0,0],"140":[0,0],"141":[0,0],"142":[0,0],"143":[0,0],"144":[0,0],"145":[0,0],"146":[0,0],"147":[0,0],"148":[0,0],"149":[0,0],"150":[0,0],"151":[0,0],"152":[0,0],"153":[0,0],"154":[0,0],"155":[0,0],"156":[0,0],"157":[0,0],"158":[0,0],"159":[0,0],"160":[0,0],"161":[0,0],"162":[0,0],"163":[0,0],"164":[0,0],"165":[0,0],"166":[0,0],"167":[0,0],"168":[0,0],"169":[0,0],"170":[0,0],"171":[0,0],"172":[0,0],"173":[0,0],"174":[0,0],"175":[0,0],"176":[0,0],"177":[0,0],"178":[0,0],"179":[0,0],"180":[0,0],"181":[0,0],"182":[0,0],"183":[0,0],"184":[0,0],"185":[0,0],"186":[0,0],"187":[0,0],"188":[0,0],"189":[0,0],"190":[0,0],"191":[0,0],"192":[0,0],"193":[0,0],"194":[0,0],"195":[0,0],"196":[0,0],"197":[0,0],"198":[0,0],"199":[0,0],"200":[0,0],"201":[0,0],"202":[0,0],"203":[0,0],"204":[0,0],"205":[0,0],"206":[0,0],"207":[0,0],"208":[0,0],"209":[0,0],"210":[999,1],"211":[0,0],"212":[0,0],"213":[1,0],"214":[1,1]},"f":{"1":1,"2":0,"3":0,"4":1999,"5":0,"6":1,"7":0,"8":0,"9":0,"10":0,"11":0,"12":0,"13":0,"14":0,"15":0,"16":0,"17":0,"18":0,"19":0,"20":0,"21":0,"22":0,"23":0,"24":0,"25":0,"26":0,"27":0,"28":0,"29":0,"30":0,"31":0,"32":0,"33":0,"34":0,"35":0,"36":0,"37":0,"38":0,"39":0,"40":0,"41":0,"42":0,"43":0,"44":0,"45":0,"46":0,"47":0,"48":0,"49":0,"50":0,"51":0,"52":0,"53":0,"54":0,"55":0,"56":0,"57":0,"58":0,"59":0,"60":0,"61":0,"62":0,"63":0,"64":0,"65":0,"66":0,"67":0,"68":0,"69":0,"70":0,"71":0,"72":0,"73":0,"74":0,"75":0,"76":0,"77":0,"78":0,"79":0,"80":0,"81":0,"82":0,"83":0,"84":0,"85":0,"86":0,"87":0,"88":0,"89":0,"90":0,"91":0,"92":0,"93":0,"94":0,"95":0,"96":0,"97":0,"98":0,"99":0,"100":0,"101":0,"102":0,"103":0,"104":0,"105":0,"106":0,"107":0,"108":0},"fnMap":{"1":{"name":"(anonymous_1)","line":1,"loc":{"start":{"line":1,"column":14},"end":{"line":1,"column":35}}},"2":{"name":"Integer","line":10,"loc":{"start":{"line":10,"column":4},"end":{"line":10,"column":31}}},"3":{"name":"BigInteger","line":16,"loc":{"start":{"line":16,"column":4},"end":{"line":16,"column":37}}},"4":{"name":"SmallInteger","line":23,"loc":{"start":{"line":23,"column":4},"end":{"line":23,"column":33}}},"5":{"name":"isPrecise","line":30,"loc":{"start":{"line":30,"column":4},"end":{"line":30,"column":26}}},"6":{"name":"smallToArray","line":34,"loc":{"start":{"line":34,"column":4},"end":{"line":34,"column":29}}},"7":{"name":"arrayToSmall","line":42,"loc":{"start":{"line":42,"column":4},"end":{"line":42,"column":31}}},"8":{"name":"trim","line":56,"loc":{"start":{"line":56,"column":4},"end":{"line":56,"column":21}}},"9":{"name":"createArray","line":62,"loc":{"start":{"line":62,"column":4},"end":{"line":62,"column":33}}},"10":{"name":"truncate","line":71,"loc":{"start":{"line":71,"column":4},"end":{"line":71,"column":25}}},"11":{"name":"add","line":76,"loc":{"start":{"line":76,"column":4},"end":{"line":76,"column":23}}},"12":{"name":"addAny","line":97,"loc":{"start":{"line":97,"column":4},"end":{"line":97,"column":26}}},"13":{"name":"addSmall","line":102,"loc":{"start":{"line":102,"column":4},"end":{"line":102,"column":32}}},"14":{"name":"(anonymous_14)","line":120,"loc":{"start":{"line":120,"column":31},"end":{"line":120,"column":44}}},"15":{"name":"(anonymous_15)","line":133,"loc":{"start":{"line":133,"column":33},"end":{"line":133,"column":46}}},"16":{"name":"subtract","line":148,"loc":{"start":{"line":148,"column":4},"end":{"line":148,"column":28}}},"17":{"name":"subtractAny","line":179,"loc":{"start":{"line":179,"column":4},"end":{"line":179,"column":37}}},"18":{"name":"subtractSmall","line":195,"loc":{"start":{"line":195,"column":4},"end":{"line":195,"column":39}}},"19":{"name":"(anonymous_19)","line":214,"loc":{"start":{"line":214,"column":36},"end":{"line":214,"column":49}}},"20":{"name":"(anonymous_20)","line":226,"loc":{"start":{"line":226,"column":38},"end":{"line":226,"column":51}}},"21":{"name":"(anonymous_21)","line":240,"loc":{"start":{"line":240,"column":34},"end":{"line":240,"column":46}}},"22":{"name":"(anonymous_22)","line":243,"loc":{"start":{"line":243,"column":36},"end":{"line":243,"column":48}}},"23":{"name":"(anonymous_23)","line":250,"loc":{"start":{"line":250,"column":31},"end":{"line":250,"column":43}}},"24":{"name":"(anonymous_24)","line":253,"loc":{"start":{"line":253,"column":33},"end":{"line":253,"column":45}}},"25":{"name":"multiplyLong","line":257,"loc":{"start":{"line":257,"column":4},"end":{"line":257,"column":32}}},"26":{"name":"multiplySmall","line":278,"loc":{"start":{"line":278,"column":4},"end":{"line":278,"column":33}}},"27":{"name":"shiftLeft","line":296,"loc":{"start":{"line":296,"column":4},"end":{"line":296,"column":29}}},"28":{"name":"multiplyKaratsuba","line":302,"loc":{"start":{"line":302,"column":4},"end":{"line":302,"column":37}}},"29":{"name":"useKaratsuba","line":324,"loc":{"start":{"line":324,"column":4},"end":{"line":324,"column":34}}},"30":{"name":"(anonymous_30)","line":328,"loc":{"start":{"line":328,"column":36},"end":{"line":328,"column":49}}},"31":{"name":"multiplySmallAndArray","line":350,"loc":{"start":{"line":350,"column":4},"end":{"line":350,"column":47}}},"32":{"name":"(anonymous_32)","line":356,"loc":{"start":{"line":356,"column":46},"end":{"line":356,"column":59}}},"33":{"name":"(anonymous_33)","line":362,"loc":{"start":{"line":362,"column":44},"end":{"line":362,"column":57}}},"34":{"name":"(anonymous_34)","line":368,"loc":{"start":{"line":368,"column":38},"end":{"line":368,"column":51}}},"35":{"name":"square","line":373,"loc":{"start":{"line":373,"column":4},"end":{"line":373,"column":23}}},"36":{"name":"(anonymous_36)","line":392,"loc":{"start":{"line":392,"column":34},"end":{"line":392,"column":46}}},"37":{"name":"(anonymous_37)","line":396,"loc":{"start":{"line":396,"column":36},"end":{"line":396,"column":48}}},"38":{"name":"divMod1","line":402,"loc":{"start":{"line":402,"column":4},"end":{"line":402,"column":27}}},"39":{"name":"divMod2","line":460,"loc":{"start":{"line":460,"column":4},"end":{"line":460,"column":27}}},"40":{"name":"divModSmall","line":494,"loc":{"start":{"line":494,"column":4},"end":{"line":494,"column":40}}},"41":{"name":"divModAny","line":509,"loc":{"start":{"line":509,"column":4},"end":{"line":509,"column":32}}},"42":{"name":"(anonymous_42)","line":561,"loc":{"start":{"line":561,"column":34},"end":{"line":561,"column":47}}},"43":{"name":"(anonymous_43)","line":570,"loc":{"start":{"line":570,"column":34},"end":{"line":570,"column":47}}},"44":{"name":"(anonymous_44)","line":575,"loc":{"start":{"line":575,"column":31},"end":{"line":575,"column":44}}},"45":{"name":"(anonymous_45)","line":580,"loc":{"start":{"line":580,"column":31},"end":{"line":580,"column":44}}},"46":{"name":"(anonymous_46)","line":612,"loc":{"start":{"line":612,"column":34},"end":{"line":612,"column":54}}},"47":{"name":"compareAbs","line":628,"loc":{"start":{"line":628,"column":4},"end":{"line":628,"column":30}}},"48":{"name":"(anonymous_48)","line":638,"loc":{"start":{"line":638,"column":38},"end":{"line":638,"column":51}}},"49":{"name":"(anonymous_49)","line":645,"loc":{"start":{"line":645,"column":40},"end":{"line":645,"column":53}}},"50":{"name":"(anonymous_50)","line":656,"loc":{"start":{"line":656,"column":35},"end":{"line":656,"column":48}}},"51":{"name":"(anonymous_51)","line":679,"loc":{"start":{"line":679,"column":37},"end":{"line":679,"column":50}}},"52":{"name":"(anonymous_52)","line":700,"loc":{"start":{"line":700,"column":34},"end":{"line":700,"column":47}}},"53":{"name":"(anonymous_53)","line":705,"loc":{"start":{"line":705,"column":37},"end":{"line":705,"column":50}}},"54":{"name":"(anonymous_54)","line":710,"loc":{"start":{"line":710,"column":35},"end":{"line":710,"column":48}}},"55":{"name":"(anonymous_55)","line":715,"loc":{"start":{"line":715,"column":34},"end":{"line":715,"column":47}}},"56":{"name":"(anonymous_56)","line":720,"loc":{"start":{"line":720,"column":43},"end":{"line":720,"column":56}}},"57":{"name":"(anonymous_57)","line":725,"loc":{"start":{"line":725,"column":42},"end":{"line":725,"column":55}}},"58":{"name":"(anonymous_58)","line":730,"loc":{"start":{"line":730,"column":34},"end":{"line":730,"column":46}}},"59":{"name":"(anonymous_59)","line":733,"loc":{"start":{"line":733,"column":36},"end":{"line":733,"column":48}}},"60":{"name":"(anonymous_60)","line":737,"loc":{"start":{"line":737,"column":33},"end":{"line":737,"column":45}}},"61":{"name":"(anonymous_61)","line":740,"loc":{"start":{"line":740,"column":35},"end":{"line":740,"column":47}}},"62":{"name":"(anonymous_62)","line":744,"loc":{"start":{"line":744,"column":38},"end":{"line":744,"column":50}}},"63":{"name":"(anonymous_63)","line":747,"loc":{"start":{"line":747,"column":40},"end":{"line":747,"column":52}}},"64":{"name":"(anonymous_64)","line":751,"loc":{"start":{"line":751,"column":38},"end":{"line":751,"column":50}}},"65":{"name":"(anonymous_65)","line":754,"loc":{"start":{"line":754,"column":40},"end":{"line":754,"column":52}}},"66":{"name":"(anonymous_66)","line":758,"loc":{"start":{"line":758,"column":34},"end":{"line":758,"column":46}}},"67":{"name":"(anonymous_67)","line":761,"loc":{"start":{"line":761,"column":36},"end":{"line":761,"column":48}}},"68":{"name":"(anonymous_68)","line":765,"loc":{"start":{"line":765,"column":34},"end":{"line":765,"column":46}}},"69":{"name":"(anonymous_69)","line":768,"loc":{"start":{"line":768,"column":36},"end":{"line":768,"column":48}}},"70":{"name":"(anonymous_70)","line":771,"loc":{"start":{"line":771,"column":41},"end":{"line":771,"column":54}}},"71":{"name":"isBasicPrime","line":781,"loc":{"start":{"line":781,"column":4},"end":{"line":781,"column":29}}},"72":{"name":"(anonymous_72)","line":790,"loc":{"start":{"line":790,"column":35},"end":{"line":790,"column":47}}},"73":{"name":"(anonymous_73)","line":812,"loc":{"start":{"line":812,"column":43},"end":{"line":812,"column":65}}},"74":{"name":"(anonymous_74)","line":826,"loc":{"start":{"line":826,"column":34},"end":{"line":826,"column":47}}},"75":{"name":"(anonymous_75)","line":849,"loc":{"start":{"line":849,"column":32},"end":{"line":849,"column":44}}},"76":{"name":"(anonymous_76)","line":856,"loc":{"start":{"line":856,"column":34},"end":{"line":856,"column":46}}},"77":{"name":"(anonymous_77)","line":862,"loc":{"start":{"line":862,"column":32},"end":{"line":862,"column":44}}},"78":{"name":"(anonymous_78)","line":869,"loc":{"start":{"line":869,"column":34},"end":{"line":869,"column":46}}},"79":{"name":"shift_isSmall","line":879,"loc":{"start":{"line":879,"column":4},"end":{"line":879,"column":30}}},"80":{"name":"(anonymous_80)","line":884,"loc":{"start":{"line":884,"column":37},"end":{"line":884,"column":50}}},"81":{"name":"(anonymous_81)","line":899,"loc":{"start":{"line":899,"column":38},"end":{"line":899,"column":51}}},"82":{"name":"bitwise","line":918,"loc":{"start":{"line":918,"column":4},"end":{"line":918,"column":31}}},"83":{"name":"(anonymous_83)","line":952,"loc":{"start":{"line":952,"column":31},"end":{"line":952,"column":43}}},"84":{"name":"(anonymous_84)","line":957,"loc":{"start":{"line":957,"column":31},"end":{"line":957,"column":44}}},"85":{"name":"(anonymous_85)","line":958,"loc":{"start":{"line":958,"column":32},"end":{"line":958,"column":48}}},"86":{"name":"(anonymous_86)","line":962,"loc":{"start":{"line":962,"column":30},"end":{"line":962,"column":43}}},"87":{"name":"(anonymous_87)","line":963,"loc":{"start":{"line":963,"column":32},"end":{"line":963,"column":48}}},"88":{"name":"(anonymous_88)","line":967,"loc":{"start":{"line":967,"column":31},"end":{"line":967,"column":44}}},"89":{"name":"(anonymous_89)","line":968,"loc":{"start":{"line":968,"column":32},"end":{"line":968,"column":48}}},"90":{"name":"roughLOB","line":973,"loc":{"start":{"line":973,"column":4},"end":{"line":973,"column":25}}},"91":{"name":"max","line":980,"loc":{"start":{"line":980,"column":4},"end":{"line":980,"column":23}}},"92":{"name":"min","line":985,"loc":{"start":{"line":985,"column":4},"end":{"line":985,"column":23}}},"93":{"name":"gcd","line":990,"loc":{"start":{"line":990,"column":4},"end":{"line":990,"column":23}}},"94":{"name":"lcm","line":1017,"loc":{"start":{"line":1017,"column":4},"end":{"line":1017,"column":23}}},"95":{"name":"randBetween","line":1022,"loc":{"start":{"line":1022,"column":4},"end":{"line":1022,"column":31}}},"96":{"name":"(anonymous_96)","line":1039,"loc":{"start":{"line":1039,"column":20},"end":{"line":1039,"column":42}}},"97":{"name":"parseBaseFromArray","line":1065,"loc":{"start":{"line":1065,"column":4},"end":{"line":1065,"column":58}}},"98":{"name":"stringify","line":1074,"loc":{"start":{"line":1074,"column":4},"end":{"line":1074,"column":30}}},"99":{"name":"toBase","line":1082,"loc":{"start":{"line":1082,"column":4},"end":{"line":1082,"column":29}}},"100":{"name":"(anonymous_100)","line":1118,"loc":{"start":{"line":1118,"column":36},"end":{"line":1118,"column":53}}},"101":{"name":"(anonymous_101)","line":1129,"loc":{"start":{"line":1129,"column":38},"end":{"line":1129,"column":55}}},"102":{"name":"(anonymous_102)","line":1135,"loc":{"start":{"line":1135,"column":35},"end":{"line":1135,"column":47}}},"103":{"name":"(anonymous_103)","line":1140,"loc":{"start":{"line":1140,"column":37},"end":{"line":1140,"column":49}}},"104":{"name":"parseStringValue","line":1145,"loc":{"start":{"line":1145,"column":4},"end":{"line":1145,"column":33}}},"105":{"name":"parseNumberValue","line":1184,"loc":{"start":{"line":1184,"column":4},"end":{"line":1184,"column":33}}},"106":{"name":"parseValue","line":1192,"loc":{"start":{"line":1192,"column":4},"end":{"line":1192,"column":27}}},"107":{"name":"(anonymous_107)","line":1214,"loc":{"start":{"line":1214,"column":25},"end":{"line":1214,"column":38}}},"108":{"name":"(anonymous_108)","line":1217,"loc":{"start":{"line":1217,"column":24},"end":{"line":1217,"column":60}}}},"statementMap":{"1":{"start":{"line":1,"column":0},"end":{"line":1222,"column":5}},"2":{"start":{"line":4,"column":4},"end":{"line":8,"column":40}},"3":{"start":{"line":10,"column":4},"end":{"line":14,"column":5}},"4":{"start":{"line":11,"column":8},"end":{"line":11,"column":56}},"5":{"start":{"line":11,"column":38},"end":{"line":11,"column":56}},"6":{"start":{"line":12,"column":8},"end":{"line":12,"column":101}},"7":{"start":{"line":12,"column":42},"end":{"line":12,"column":101}},"8":{"start":{"line":13,"column":8},"end":{"line":13,"column":29}},"9":{"start":{"line":16,"column":4},"end":{"line":20,"column":5}},"10":{"start":{"line":17,"column":8},"end":{"line":17,"column":27}},"11":{"start":{"line":18,"column":8},"end":{"line":18,"column":25}},"12":{"start":{"line":19,"column":8},"end":{"line":19,"column":29}},"13":{"start":{"line":21,"column":4},"end":{"line":21,"column":60}},"14":{"start":{"line":23,"column":4},"end":{"line":27,"column":5}},"15":{"start":{"line":24,"column":8},"end":{"line":24,"column":27}},"16":{"start":{"line":25,"column":8},"end":{"line":25,"column":30}},"17":{"start":{"line":26,"column":8},"end":{"line":26,"column":28}},"18":{"start":{"line":28,"column":4},"end":{"line":28,"column":62}},"19":{"start":{"line":30,"column":4},"end":{"line":32,"column":5}},"20":{"start":{"line":31,"column":8},"end":{"line":31,"column":43}},"21":{"start":{"line":34,"column":4},"end":{"line":40,"column":5}},"22":{"start":{"line":35,"column":8},"end":{"line":36,"column":23}},"23":{"start":{"line":36,"column":12},"end":{"line":36,"column":23}},"24":{"start":{"line":37,"column":8},"end":{"line":38,"column":50}},"25":{"start":{"line":38,"column":12},"end":{"line":38,"column":50}},"26":{"start":{"line":39,"column":8},"end":{"line":39,"column":74}},"27":{"start":{"line":42,"column":4},"end":{"line":54,"column":5}},"28":{"start":{"line":43,"column":8},"end":{"line":43,"column":18}},"29":{"start":{"line":44,"column":8},"end":{"line":44,"column":32}},"30":{"start":{"line":45,"column":8},"end":{"line":52,"column":9}},"31":{"start":{"line":46,"column":12},"end":{"line":51,"column":13}},"32":{"start":{"line":47,"column":24},"end":{"line":47,"column":33}},"33":{"start":{"line":48,"column":24},"end":{"line":48,"column":38}},"34":{"start":{"line":49,"column":24},"end":{"line":49,"column":54}},"35":{"start":{"line":50,"column":25},"end":{"line":50,"column":73}},"36":{"start":{"line":53,"column":8},"end":{"line":53,"column":19}},"37":{"start":{"line":56,"column":4},"end":{"line":60,"column":5}},"38":{"start":{"line":57,"column":8},"end":{"line":57,"column":25}},"39":{"start":{"line":58,"column":8},"end":{"line":58,"column":29}},"40":{"start":{"line":59,"column":8},"end":{"line":59,"column":25}},"41":{"start":{"line":62,"column":4},"end":{"line":69,"column":5}},"42":{"start":{"line":63,"column":8},"end":{"line":63,"column":34}},"43":{"start":{"line":64,"column":8},"end":{"line":64,"column":19}},"44":{"start":{"line":65,"column":8},"end":{"line":67,"column":9}},"45":{"start":{"line":66,"column":12},"end":{"line":66,"column":21}},"46":{"start":{"line":68,"column":8},"end":{"line":68,"column":17}},"47":{"start":{"line":71,"column":4},"end":{"line":74,"column":5}},"48":{"start":{"line":72,"column":8},"end":{"line":72,"column":40}},"49":{"start":{"line":72,"column":19},"end":{"line":72,"column":40}},"50":{"start":{"line":73,"column":8},"end":{"line":73,"column":28}},"51":{"start":{"line":76,"column":4},"end":{"line":95,"column":5}},"52":{"start":{"line":77,"column":8},"end":{"line":82,"column":19}},"53":{"start":{"line":83,"column":8},"end":{"line":87,"column":9}},"54":{"start":{"line":84,"column":12},"end":{"line":84,"column":38}},"55":{"start":{"line":85,"column":12},"end":{"line":85,"column":40}},"56":{"start":{"line":86,"column":12},"end":{"line":86,"column":38}},"57":{"start":{"line":88,"column":8},"end":{"line":92,"column":9}},"58":{"start":{"line":89,"column":12},"end":{"line":89,"column":31}},"59":{"start":{"line":90,"column":12},"end":{"line":90,"column":41}},"60":{"start":{"line":91,"column":12},"end":{"line":91,"column":40}},"61":{"start":{"line":93,"column":8},"end":{"line":93,"column":37}},"62":{"start":{"line":93,"column":23},"end":{"line":93,"column":37}},"63":{"start":{"line":94,"column":8},"end":{"line":94,"column":17}},"64":{"start":{"line":97,"column":4},"end":{"line":100,"column":5}},"65":{"start":{"line":98,"column":8},"end":{"line":98,"column":51}},"66":{"start":{"line":98,"column":34},"end":{"line":98,"column":51}},"67":{"start":{"line":99,"column":8},"end":{"line":99,"column":25}},"68":{"start":{"line":102,"column":4},"end":{"line":118,"column":5}},"69":{"start":{"line":103,"column":8},"end":{"line":106,"column":19}},"70":{"start":{"line":107,"column":8},"end":{"line":112,"column":9}},"71":{"start":{"line":108,"column":12},"end":{"line":108,"column":38}},"72":{"start":{"line":109,"column":12},"end":{"line":109,"column":43}},"73":{"start":{"line":110,"column":12},"end":{"line":110,"column":38}},"74":{"start":{"line":111,"column":12},"end":{"line":111,"column":23}},"75":{"start":{"line":113,"column":8},"end":{"line":116,"column":9}},"76":{"start":{"line":114,"column":12},"end":{"line":114,"column":34}},"77":{"start":{"line":115,"column":12},"end":{"line":115,"column":45}},"78":{"start":{"line":117,"column":8},"end":{"line":117,"column":17}},"79":{"start":{"line":120,"column":4},"end":{"line":130,"column":6}},"80":{"start":{"line":121,"column":8},"end":{"line":121,"column":30}},"81":{"start":{"line":122,"column":8},"end":{"line":124,"column":9}},"82":{"start":{"line":123,"column":12},"end":{"line":123,"column":45}},"83":{"start":{"line":125,"column":8},"end":{"line":125,"column":40}},"84":{"start":{"line":126,"column":8},"end":{"line":128,"column":9}},"85":{"start":{"line":127,"column":12},"end":{"line":127,"column":71}},"86":{"start":{"line":129,"column":8},"end":{"line":129,"column":55}},"87":{"start":{"line":131,"column":4},"end":{"line":131,"column":57}},"88":{"start":{"line":133,"column":4},"end":{"line":145,"column":6}},"89":{"start":{"line":134,"column":8},"end":{"line":134,"column":30}},"90":{"start":{"line":135,"column":8},"end":{"line":135,"column":27}},"91":{"start":{"line":136,"column":8},"end":{"line":138,"column":9}},"92":{"start":{"line":137,"column":12},"end":{"line":137,"column":45}},"93":{"start":{"line":139,"column":8},"end":{"line":139,"column":24}},"94":{"start":{"line":140,"column":8},"end":{"line":143,"column":9}},"95":{"start":{"line":141,"column":12},"end":{"line":141,"column":65}},"96":{"start":{"line":141,"column":34},"end":{"line":141,"column":65}},"97":{"start":{"line":142,"column":12},"end":{"line":142,"column":42}},"98":{"start":{"line":144,"column":8},"end":{"line":144,"column":63}},"99":{"start":{"line":146,"column":4},"end":{"line":146,"column":61}},"100":{"start":{"line":148,"column":4},"end":{"line":177,"column":5}},"101":{"start":{"line":149,"column":8},"end":{"line":154,"column":26}},"102":{"start":{"line":155,"column":8},"end":{"line":162,"column":9}},"103":{"start":{"line":156,"column":12},"end":{"line":156,"column":46}},"104":{"start":{"line":157,"column":12},"end":{"line":160,"col
[...]
of n === \"number\" || typeof n === \"string\") && +Math.abs(n) <= BASE) ||","            (n instanceof BigInteger && n.value.length <= 1);","    }","","    BigInteger.prototype.shiftLeft = function (n) {","        if (!shift_isSmall(n)) {","            throw new Error(String(n) + \" is too large for shifting.\");","        }","        n = +n;","        if (n < 0) return this.shiftRight(-n);","        var result = this;","        while (n >= powers2Length) {","            result = result.multiply(highestPower2);","            n -= powers2Length - 1;","        }","        return result.multiply(powersOfTwo[n]);","    };","    SmallInteger.prototype.shiftLeft = BigInteger.prototype.shiftLeft;","","    BigInteger.prototype.shiftRight = function (n) {","        var remQuo;","        if (!shift_isSmall(n)) {","            throw new Error(String(n) + \" is too large for shifting.\");","        }","        n = +n;","        if (n < 0) return this.shiftLeft(-n);","        var result = this;","        while (n >= powers2Length) {","            if (result.isZero()) return result;","            remQuo = divModAny(result, highestPower2);","            result = remQuo[1].isNegative() ? remQuo[0].prev() : remQuo[0];","            n -= powers2Length - 1;","        }","        remQuo = divModAny(result, powersOfTwo[n]);","        return remQuo[1].isNegative() ? remQuo[0].prev() : remQuo[0];","    };","    SmallInteger.prototype.shiftRight = BigInteger.prototype.shiftRight;","","    function bitwise(x, y, fn) {","        y = parseValue(y);","        var xSign = x.isNegative(), ySign = y.isNegative();","        var xRem = xSign ? x.not() : x,","            yRem = ySign ? y.not() : y;","        var xBits = [], yBits = [];","        var xStop = false, yStop = false;","        while (!xStop || !yStop) {","            if (xRem.isZero()) { // virtual sign extension for simulating two's complement","                xStop = true;","                xBits.push(xSign ? 1 : 0);","            }","            else if (xSign) xBits.push(xRem.isEven() ? 1 : 0); // two's complement for negative numbers","            else xBits.push(xRem.isEven() ? 0 : 1);","","            if (yRem.isZero()) {","                yStop = true;","                yBits.push(ySign ? 1 : 0);","            }","            else if (ySign) yBits.push(yRem.isEven() ? 1 : 0);","            else yBits.push(yRem.isEven() ? 0 : 1);","","            xRem = xRem.over(2);","            yRem = yRem.over(2);","        }","        var result = [];","        for (var i = 0; i < xBits.length; i++) result.push(fn(xBits[i], yBits[i]));","        var sum = bigInt(result.pop()).negate().times(bigInt(2).pow(result.length));","        while (result.length) {","            sum = sum.add(bigInt(result.pop()).times(bigInt(2).pow(result.length)));","        }","        return sum;","    }","","    BigInteger.prototype.not = function () {","        return this.negate().prev();","    };","    SmallInteger.prototype.not = BigInteger.prototype.not;","","    BigInteger.prototype.and = function (n) {","        return bitwise(this, n, function (a, b) { return a & b; });","    };","    SmallInteger.prototype.and = BigInteger.prototype.and;","","    BigInteger.prototype.or = function (n) {","        return bitwise(this, n, function (a, b) { return a | b; });","    };","    SmallInteger.prototype.or = BigInteger.prototype.or;","","    BigInteger.prototype.xor = function (n) {","        return bitwise(this, n, function (a, b) { return a ^ b; });","    };","    SmallInteger.prototype.xor = BigInteger.prototype.xor;","","    var LOBMASK_I = 1 << 30, LOBMASK_BI = (BASE & -BASE) * (BASE & -BASE) | LOBMASK_I;","    function roughLOB(n) { // get lowestOneBit (rough)","        // SmallInteger: return Min(lowestOneBit(n), 1 << 30)","        // BigInteger: return Min(lowestOneBit(n), 1 << 14) [BASE=1e7]","        var v = n.value, x = typeof v === \"number\" ? v | LOBMASK_I : v[0] + v[1] * BASE | LOBMASK_BI;","        return x & -x;","    }","","    function max(a, b) {","        a = parseValue(a);","        b = parseValue(b);","        return a.greater(b) ? a : b;","    }","    function min(a, b) {","        a = parseValue(a);","        b = parseValue(b);","        return a.lesser(b) ? a : b;","    }","    function gcd(a, b) {","        a = parseValue(a).abs();","        b = parseValue(b).abs();","        if (a.equals(b)) return a;","        if (a.isZero()) return b;","        if (b.isZero()) return a;","        var c = Integer[1], d, t;","        while (a.isEven() && b.isEven()) {","            d = Math.min(roughLOB(a), roughLOB(b));","            a = a.divide(d);","            b = b.divide(d);","            c = c.multiply(d);","        }","        while (a.isEven()) {","            a = a.divide(roughLOB(a));","        }","        do {","            while (b.isEven()) {","                b = b.divide(roughLOB(b));","            }","            if (a.greater(b)) {","                t = b; b = a; a = t;","            }","            b = b.subtract(a);","        } while (!b.isZero());","        return c.isUnit() ? a : a.multiply(c);","    }","    function lcm(a, b) {","        a = parseValue(a).abs();","        b = parseValue(b).abs();","        return a.divide(gcd(a, b)).multiply(b);","    }","    function randBetween(a, b) {","        a = parseValue(a);","        b = parseValue(b);","        var low = min(a, b), high = max(a, b);","        var range = high.subtract(low);","        if (range.isSmall) return low.add(Math.round(Math.random() * range));","        var length = range.value.length - 1;","        var result = [], restricted = true;","        for (var i = length; i >= 0; i--) {","            var top = restricted ? range.value[i] : BASE;","            var digit = truncate(Math.random() * top);","            result.unshift(digit);","            if (digit < top) restricted = false;","        }","        result = arrayToSmall(result);","        return low.add(typeof result === \"number\" ? new SmallInteger(result) : new BigInteger(result, false));","    }","    var parseBase = function (text, base) {","        var length = text.length;","        if (2 <= base && base <= 36) {","            if (length <= LOG_MAX_INT / Math.log(base)) {","                return new SmallInteger(parseInt(text, base));","            }","        }","        base = parseValue(base);","        var digits = [];","        var i;","        var isNegative = text[0] === \"-\";","        for (i = isNegative ? 1 : 0; i < text.length; i++) {","            var c = text[i].toLowerCase(),","                charCode = c.charCodeAt(0);","            if (48 <= charCode && charCode <= 57) digits.push(parseValue(c));","            else if (97 <= charCode && charCode <= 122) digits.push(parseValue(c.charCodeAt(0) - 87));","            else if (c === \"<\") {","                var start = i;","                do { i++; } while (text[i] !== \">\");","                digits.push(parseValue(text.slice(start + 1, i)));","            }","            else throw new Error(c + \" is not a valid character\");","        }","        return parseBaseFromArray(digits, base, isNegative);","    };","","    function parseBaseFromArray(digits, base, isNegative) {","        var val = Integer[0], pow = Integer[1], i;","        for (i = digits.length - 1; i >= 0; i--) {","            val = val.add(digits[i].times(pow));","            pow = pow.times(base);","        }","        return isNegative ? val.negate() : val;","    }","","    function stringify(digit) {","        var v = digit.value;","        if (typeof v === \"number\") v = [v];","        if (v.length === 1 && v[0] <= 35) {","            return \"0123456789abcdefghijklmnopqrstuvwxyz\".charAt(v[0]);","        }","        return \"<\" + v + \">\";","    }","    function toBase(n, base) {","        base = bigInt(base);","        if (base.isZero()) {","            if (n.isZero()) return \"0\";","            throw new Error(\"Cannot convert nonzero numbers to base 0.\");","        }","        if (base.equals(-1)) {","            if (n.isZero()) return \"0\";","            if (n.isNegative()) return new Array(1 - n).join(\"10\");","            return \"1\" + new Array(+n).join(\"01\");","        }","        var minusSign = \"\";","        if (n.isNegative() && base.isPositive()) {","            minusSign = \"-\";","            n = n.abs();","        }","        if (base.equals(1)) {","            if (n.isZero()) return \"0\";","            return minusSign + new Array(+n + 1).join(1);","        }","        var out = [];","        var left = n, divmod;","        while (left.isNegative() || left.compareAbs(base) >= 0) {","            divmod = left.divmod(base);","            left = divmod.quotient;","            var digit = divmod.remainder;","            if (digit.isNegative()) {","                digit = base.minus(digit).abs();","                left = left.next();","            }","            out.push(stringify(digit));","        }","        out.push(stringify(left));","        return minusSign + out.reverse().join(\"\");","    }","","    BigInteger.prototype.toString = function (radix) {","        if (radix === undefined) radix = 10;","        if (radix !== 10) return toBase(this, radix);","        var v = this.value, l = v.length, str = String(v[--l]), zeros = \"0000000\", digit;","        while (--l >= 0) {","            digit = String(v[l]);","            str += zeros.slice(digit.length) + digit;","        }","        var sign = this.sign ? \"-\" : \"\";","        return sign + str;","    };","    SmallInteger.prototype.toString = function (radix) {","        if (radix === undefined) radix = 10;","        if (radix != 10) return toBase(this, radix);","        return String(this.value);","    };","","    BigInteger.prototype.valueOf = function () {","        return +this.toString();","    };","    BigInteger.prototype.toJSNumber = BigInteger.prototype.valueOf;","","    SmallInteger.prototype.valueOf = function () {","        return this.value;","    };","    SmallInteger.prototype.toJSNumber = SmallInteger.prototype.valueOf;","","    function parseStringValue(v) {","            if (isPrecise(+v)) {","                var x = +v;","                if (x === truncate(x))","                    return new SmallInteger(x);","                throw \"Invalid integer: \" + v;","            }","            var sign = v[0] === \"-\";","            if (sign) v = v.slice(1);","            var split = v.split(/e/i);","            if (split.length > 2) throw new Error(\"Invalid integer: \" + split.join(\"e\"));","            if (split.length === 2) {","                var exp = split[1];","                if (exp[0] === \"+\") exp = exp.slice(1);","                exp = +exp;","                if (exp !== truncate(exp) || !isPrecise(exp)) throw new Error(\"Invalid integer: \" + exp + \" is not a valid exponent.\");","                var text = split[0];","                var decimalPlace = text.indexOf(\".\");","                if (decimalPlace >= 0) {","                    exp -= text.length - decimalPlace - 1;","                    text = text.slice(0, decimalPlace) + text.slice(decimalPlace + 1);","                }","                if (exp < 0) throw new Error(\"Cannot include negative exponent part for integers\");","                text += (new Array(exp + 1)).join(\"0\");","                v = text;","            }","            var isValid = /^([0-9][0-9]*)$/.test(v);","            if (!isValid) throw new Error(\"Invalid integer: \" + v);","            var r = [], max = v.length, l = LOG_BASE, min = max - l;","            while (max > 0) {","                r.push(+v.slice(min, max));","                min -= l;","                if (min < 0) min = 0;","                max -= l;","            }","            trim(r);","            return new BigInteger(r, sign);","    }","","    function parseNumberValue(v) {","        if (isPrecise(v)) {","            if (v !== truncate(v)) throw new Error(v + \" is not an integer.\");","            return new SmallInteger(v);","        }","        return parseStringValue(v.toString());","    }","","    function parseValue(v) {","        if (typeof v === \"number\") {","            return parseNumberValue(v);","        }","        if (typeof v === \"string\") {","            return parseStringValue(v);","        }","        return v;","    }","    // Pre-define numbers in range [-999,999]","    for (var i = 0; i < 1000; i++) {","        Integer[i] = new SmallInteger(i);","        if (i > 0) Integer[-i] = new SmallInteger(-i);","    }","    // Backwards compatibility","    Integer.one = Integer[1];","    Integer.zero = Integer[0];","    Integer.minusOne = Integer[-1];","    Integer.max = max;","    Integer.min = min;","    Integer.gcd = gcd;","    Integer.lcm = lcm;","    Integer.isInstance = function (x) { return x instanceof BigInteger || x instanceof SmallInteger; };","    Integer.randBetween = randBetween;","","    Integer.fromArray = function (digits, base, isNegative) {","        return parseBaseFromArray(digits.map(parseValue), parseValue(base || 10), isNegative);","    };","","    return Integer;","})();","","// Node.js check","if (typeof module !== \"undefined\" && module.hasOwnProperty(\"exports\")) {","    module.exports = bigInt;","}",""],"l":{"1":1,"4":1,"10":1,"11":0,"12":0,"13":0,"16":1,"17":0,"18":0,"19":0,"21":1,"23":1,"24":1999,"25":1999,"26":1999,"28":1,"30":1,"31":0,"34":1,"35":1,"36":0,"37":1,"38":0,"39":1,"42":1,"43":0,"44":0,"45":0,"46":0,"47":0,"48":0,"49":0,"50":0,"53":0,"56":1,"57":0,"58":0,"59":0,"62":1,"63":0,"64":0,"65":0,"66":0,"68":0,"71":1,"72":0,"73":0,"76":1,"77":0,"83":0,"84":0,"85":0,"86":0,"88":0,"89":0,"90":0,"91":0,"93":0,"94":0,"97":1,"98":0,"99":0,"102":1,"103":0,"107":0,"108":0,"109":0,"110":0,"111":0,"113":0,"114":0,"115":0,"117":0,"120":1,"121":0,"122":0,"123":0,"125":0,"126":0,"127":0,"129":0,"131":1,"133":1,"134":0,"135":0,"136":0,"137":0,"139":0,"140":0,"141":0,"142":0,"144":0,"146":1,"148":1,"149":0,"155":0,"156":0,"157":0,"158":0,"159":0,"160":0,"161":0,"163":0,"164":0,"165":0,"167":0,"168":0,"170":0,"172":0,"173":0,"175":0,"176":0,"179":1,"180":0,"181":0,"182":0,"184":0,"185":0,"187":0,"188":0,"189":0,"190":0,"192":0,"195":1,"196":0,"201":0,"202":0,"203":0,"204":0,"205":0,"207":0,"208":0,"209":0,"210":0,"211":0,"214":1,"215":0,"216":0,"217":0,"219":0,"220":0,"221":0,"222":0,"224":1,"226":1,"227":0,"228":0,"229":0,"230":0,"232":0,"233":0,"234":0,"236":0,"238":1,"240":1,"241":0,"243":1,"244":0,"245":0,"246":0,"247":0,"250":1,"251":0,"253":1,"254":0,"257":1,"258":0,"264":0,"265":0,"266":0,"267":0,"268":0,"269":0,"270":0,"271":0,"274":0,"275":0,"278":1,"279":0,"284":0,"285":0,"286":0,"287":0,"289":0,"290":0,"291":0,"293":0,"296":1,"297":0,"298":0,"299":0,"302":1,"303":0,"305":0,"306":0,"308":0,"313":0,"317":0,"318":0,"319":0,"324":1,"325":0,"328":1,"329":0,"333":0,"334":0,"335":0,"336":0,"337":0,"338":0,"339":0,"341":0,"343":0,"344":0,"345":0,"348":1,"350":1,"351":0,"352":0,"354":0,"356":1,"357":0,"358":0,"360":0,"362":1,"363":0,"364":0,"365":0,"366":0,"368":1,"369":0,"371":1,"373":1,"374":0,"378":0,"379":0,"380":0,"381":0,"382":0,"383":0,"384":0,"385":0,"388":0,"389":0,"392":1,"393":0,"396":1,"397":0,"398":0,"399":0,"402":1,"403":0,"413":0,"414":0,"415":0,"416":0,"417":0,"418":0,"419":0,"422":0,"423":0,"424":0,"425":0,"426":0,"427":0,"428":0,"429":0,"430":0,"431":0,"432":0,"434":0,"435":0,"438":0,"439":0,"440":0,"441":0,"442":0,"443":0,"444":0,"445":0,"447":0,"448":0,"451":0,"453":0,"456":0,"457":0,"460":1,"462":0,"468":0,"469":0,"470":0,"471":0,"472":0,"473":0,"475":0,"476":0,"477":0,"478":0,"479":0,"481":0,"482":0,"483":0,"484":0,"485":0,"487":0,"488":0,"490":0,"491":0,"494":1,"495":0,"499":0,"500":0,"501":0,"502":0,"503":0,"504":0,"506":0,"509":1,"510":0,"511":0,"512":0,"513":0,"514":0,"515":0,"516":0,"518":0,"520":0,"521":0,"522":0,"523":0,"524":0,"525":0,"526":0,"527":0,"528":0,"529":0,"530":0,"531":0,"533":0,"535":0,"537":0,"538":0,"539":0,"542":0,"543":0,"544":0,"546":0,"547":0,"550":0,"551":0,"552":0,"553":0,"554":0,"555":0,"556":0,"557":0,"558":0,"561":1,"562":0,"563":0,"568":1,"570":1,"571":0,"573":1,"575":1,"576":0,"578":1,"580":1,"581":0,"585":0,"586":0,"587":0,"588":0,"589":0,"590":0,"592":0,"593":0,"594":0,"595":0,"597":0,"598":0,"599":0,"600":0,"601":0,"602":0,"604":0,"605":0,"606":0,"608":0,"610":1,"612":1,"613":0,"614":0,"615":0,"616":0,"618":0,"619":0,"620":0,"621":0,"622":0,"624":0,"626":1,"628":1,"629":0,"630":0,"632":0,"633":0,"635":0,"638":1,"639":0,"642":0,"643":0,"645":1,"646":0,"649":0,"650":0,"651":0,"653":0,"656":1,"659":0,"660":0,"662":0,"663":0,"666":0,"669":0,"670":0,"672":0,"673":0,"675":0,"677":1,"679":1,"680":0,"681":0,"683":0,"684":0,"687":0,"690":0,"691":0,"693":0,"694":0,"696":0,"698":1,"700":1,"701":0,"703":1,"705":1,"706":0,"708":1,"710":1,"711":0,"713":1,"715":1,"716":0,"718":1,"720":1,"721":0,"723":1,"725":1,"726":0,"728":1,"730":1,"731":0,"733":1,"734":0,"737":1,"738":0,"740":1,"741":0,"744":1,"745":0,"747":1,"748":0,"751":1,"752":0,"754":1,"755":0,"758":1,"759":0,"761":1,"762":0,"765":1,"766":0,"768":1,"769":0,"771":1,"772":0,"773":0,"774":0,"775":0,"776":0,"777":0,"779":1,"781":1,"782":0,"783":0,"784":0,"785":0,"786":0,"790":1,"791":0,"792":0,"793":0,"795":0,"798":0,"799":0,"800":0,"801":0,"802":0,"803":0,"804":0,"806":0,"808":0,"810":1,"812":1,"813":0,"814":0,"815":0,"816":0,"818":0,"819":0,"820":0,"822":0,"824":1,"826":1,"827":0,"828":0,"829":0,"830":0,"831":0,"832":0,"833":0,"834":0,"835":0,"837":0,"838":0,"839":0,"841":0,"842":0,"844":0,"847":1,"849":1,"850":0,"851":0,"852":0,"854":0,"856":1,"857":0,"858":0,"859":0,"862":1,"863":0,"864":0,"865":0,"867":0,"869":1,"870":0,"871":0,"872":0,"875":1,"876":24,"877":1,"879":1,"880":0,"884":1,"885":0,"886":0,"888":0,"889":0,"890":0,"891":0,"892":0,"893":0,"895":0,"897":1,"899":1,"900":0,"901":0,"902":0,"904":0,"905":0,"906":0,"907":0,"908":0,"909":0,"910":0,"911":0,"913":0,"914":0,"916":1,"918":1,"919":0,"920":0,"921":0,"923":0,"924":0,"925":0,"926":0,"927":0,"928":0,"930":0,"931":0,"933":0,"934":0,"935":0,"937":0,"938":0,"940":0,"941":0,"943":0,"944":0,"945":0,"946":0,"947":0,"949":0,"952":1,"953":0,"955":1,"957":1,"958":0,"960":1,"962":1,"963":0,"965":1,"967":1,"968":0,"970":1,"972":1,"973":1,"976":0,"977":0,"980":1,"981":0,"982":0,"983":0,"985":1,"986":0,"987":0,"988":0,"990":1,"991":0,"992":0,"993":0,"994":0,"995":0,"996":0,"997":0,"998":0,"999":0,"1000":0,"1001":0,"1003":0,"1004":0,"1006":0,"1007":0,"1008":0,"1010":0,"1011":0,"1013":0,"1015":0,"1017":1,"1018":0,"1019":0,"1020":0,"1022":1,"1023":0,"1024":0,"1025":0,"1026":0,"1027":0,"1028":0,"1029":0,"1030":0,"1031":0,"1032":0,"1033":0,"1034":0,"1036":0,"1037":0,"1039":1,"1040":0,"1041":0,"1042":0,"1043":0,"1046":0,"1047":0,"1048":0,"1049":0,"1050":0,"1051":0,"1053":0,"1054":0,"1055":0,"1056":0,"1057":0,"1058":0,"1060":0,"1062":0,"1065":1,"1066":0,"1067":0,"1068":0,"1069":0,"1071":0,"1074":1,"1075":0,"1076":0,"1077":0,"1078":0,"1080":0,"1082":1,"1083":0,"1084":0,"1085":0,"1086":0,"1088":0,"1089":0,"1090":0,"1091":0,"1093":0,"1094":0,"1095":0,"1096":0,"1098":0,"1099":0,"1100":0,"1102":0,"1103":0,"1104":0,"1105":0,"1106":0,"1107":0,"1108":0,"1109":0,"1110":0,"1112":0,"1114":0,"1115":0,"1118":1,"1119":0,"1120":0,"1121":0,"1122":0,"1123":0,"1124":0,"1126":0,"1127":0,"1129":1,"1130":0,"1131":0,"1132":0,"1135":1,"1136":0,"1138":1,"1140":1,"1141":0,"1143":1,"1145":1,"1146":0,"1147":0,"1148":0,"1149":0,"1150":0,"1152":0,"1153":0,"1154":0,"1155":0,"1156":0,"1157":0,"1158":0,"1159":0,"1160":0,"1161":0,"1162":0,"1163":0,"1164":0,"1165":0,"1167":0,"1168":0,"1169":0,"1171":0,"1172":0,"1173":0,"1174":0,"1175":0,"1176":0,"1177":0,"1178":0,"1180":0,"1181":0,"1184":1,"1185":0,"1186":0,"1187":0,"1189":0,"1192":1,"1193":0,"1194":0,"1196":0,"1197":0,"1199":0,"1202":1,"1203":1000,"1204":1000,"1207":1,"1208":1,"1209":1,"1210":1,"1211":1,"1212":1,"1213":1,"1214":1,"1215":1,"1217":1,"1218":0,"1221":1,"1225":1,"1226":1}}}